[0.365s] DEBUG:colcon:Command line arguments: ['/usr/bin/colcon', 'build', '--symlink-install']
[0.365s] DEBUG:colcon:Parsed command line arguments: Namespace(log_base=None, log_level=None, verb_name='build', build_base='build', install_base='install', merge_install=False, symlink_install=True, test_result_base=None, continue_on_error=False, executor='parallel', parallel_workers=8, event_handlers=None, ignore_user_meta=False, metas=['./colcon.meta'], base_paths=['.'], packages_ignore=None, packages_ignore_regex=None, paths=None, packages_up_to=None, packages_up_to_regex=None, packages_above=None, packages_above_and_dependencies=None, packages_above_depth=None, packages_select_by_dep=None, packages_skip_by_dep=None, packages_skip_up_to=None, packages_select_build_failed=False, packages_skip_build_finished=False, packages_select_test_failures=False, packages_skip_test_passed=False, packages_select=None, packages_skip=None, packages_select_regex=None, packages_skip_regex=None, packages_start=None, packages_end=None, allow_overriding=[], cmake_args=None, cmake_target=None, cmake_target_skip_unavailable=False, cmake_clean_cache=False, cmake_clean_first=False, cmake_force_configure=False, ament_cmake_args=None, catkin_cmake_args=None, catkin_skip_building_tests=False, mixin_files=None, mixin=None, verb_parser=<colcon_mixin.mixin.mixin_argument.MixinArgumentDecorator object at 0x77f4a816ac50>, verb_extension=<colcon_core.verb.build.BuildVerb object at 0x77f4a826f400>, main=<bound method BuildVerb.main of <colcon_core.verb.build.BuildVerb object at 0x77f4a826f400>>, mixin_verb=('build',))
[0.963s] Level 1:colcon.colcon_core.package_discovery:discover_packages(colcon_meta) check parameters
[0.964s] Level 1:colcon.colcon_core.package_discovery:discover_packages(recursive) check parameters
[0.964s] Level 1:colcon.colcon_core.package_discovery:discover_packages(ignore) check parameters
[0.964s] Level 1:colcon.colcon_core.package_discovery:discover_packages(path) check parameters
[0.964s] Level 1:colcon.colcon_core.package_discovery:discover_packages(colcon_meta) discover
[0.964s] Level 1:colcon.colcon_core.package_discovery:discover_packages(recursive) discover
[0.965s] INFO:colcon.colcon_core.package_discovery:Crawling recursively for packages in '/home/aa274/autonomy_ws/src/aa274sections/s3_basic'
[0.965s] Level 1:colcon.colcon_core.package_identification:_identify(.) by extensions ['ignore', 'ignore_ament_install']
[0.965s] Level 1:colcon.colcon_core.package_identification:_identify(.) by extension 'ignore'
[0.965s] Level 1:colcon.colcon_core.package_identification:_identify(.) by extension 'ignore_ament_install'
[0.965s] Level 1:colcon.colcon_core.package_identification:_identify(.) by extensions ['colcon_pkg']
[0.965s] Level 1:colcon.colcon_core.package_identification:_identify(.) by extension 'colcon_pkg'
[0.965s] Level 1:colcon.colcon_core.package_identification:_identify(.) by extensions ['colcon_meta']
[0.965s] Level 1:colcon.colcon_core.package_identification:_identify(.) by extension 'colcon_meta'
[0.965s] Level 1:colcon.colcon_core.package_identification:_identify(.) by extensions ['ros']
[0.966s] Level 1:colcon.colcon_core.package_identification:_identify(.) by extension 'ros'
[1.000s] DEBUG:colcon.colcon_core.package_identification:Package '.' with type 'ros.ament_cmake' and name 's3_basic'
[1.000s] Level 1:colcon.colcon_core.package_discovery:discover_packages(recursive) using defaults
[1.000s] Level 1:colcon.colcon_core.package_discovery:discover_packages(ignore) discover
[1.000s] Level 1:colcon.colcon_core.package_discovery:discover_packages(ignore) using defaults
[1.000s] Level 1:colcon.colcon_core.package_discovery:discover_packages(path) discover
[1.000s] Level 1:colcon.colcon_core.package_discovery:discover_packages(path) using defaults
[1.123s] Level 1:colcon.colcon_core.package_discovery:discover_packages(prefix_path) check parameters
[1.124s] Level 1:colcon.colcon_core.package_discovery:discover_packages(prefix_path) discover
[1.135s] DEBUG:colcon.colcon_installed_package_information.package_discovery:Found 2 installed packages in /home/aa274/autonomy_ws/install
[1.138s] DEBUG:colcon.colcon_installed_package_information.package_discovery:Found 18 installed packages in /home/aa274/tb_ws/install
[1.141s] DEBUG:colcon.colcon_installed_package_information.package_discovery:Found 299 installed packages in /opt/ros/humble
[1.148s] Level 1:colcon.colcon_core.package_discovery:discover_packages(prefix_path) using defaults
[1.297s] Level 5:colcon.colcon_core.verb:set package 's3_basic' build argument 'cmake_args' from command line to 'None'
[1.297s] Level 5:colcon.colcon_core.verb:set package 's3_basic' build argument 'cmake_target' from command line to 'None'
[1.297s] Level 5:colcon.colcon_core.verb:set package 's3_basic' build argument 'cmake_target_skip_unavailable' from command line to 'False'
[1.297s] Level 5:colcon.colcon_core.verb:set package 's3_basic' build argument 'cmake_clean_cache' from command line to 'False'
[1.298s] Level 5:colcon.colcon_core.verb:set package 's3_basic' build argument 'cmake_clean_first' from command line to 'False'
[1.298s] Level 5:colcon.colcon_core.verb:set package 's3_basic' build argument 'cmake_force_configure' from command line to 'False'
[1.298s] Level 5:colcon.colcon_core.verb:set package 's3_basic' build argument 'ament_cmake_args' from command line to 'None'
[1.298s] Level 5:colcon.colcon_core.verb:set package 's3_basic' build argument 'catkin_cmake_args' from command line to 'None'
[1.298s] Level 5:colcon.colcon_core.verb:set package 's3_basic' build argument 'catkin_skip_building_tests' from command line to 'False'
[1.298s] DEBUG:colcon.colcon_core.verb:Building package 's3_basic' with the following arguments: {'ament_cmake_args': None, 'build_base': '/home/aa274/autonomy_ws/src/aa274sections/s3_basic/build/s3_basic', 'catkin_cmake_args': None, 'catkin_skip_building_tests': False, 'cmake_args': None, 'cmake_clean_cache': False, 'cmake_clean_first': False, 'cmake_force_configure': False, 'cmake_target': None, 'cmake_target_skip_unavailable': False, 'install_base': '/home/aa274/autonomy_ws/src/aa274sections/s3_basic/install/s3_basic', 'merge_install': False, 'path': '/home/aa274/autonomy_ws/src/aa274sections/s3_basic', 'symlink_install': True, 'test_result_base': None}
[1.298s] INFO:colcon.colcon_core.executor:Executing jobs using 'parallel' executor
[1.300s] DEBUG:colcon.colcon_parallel_executor.executor.parallel:run_until_complete
[1.301s] INFO:colcon.colcon_ros.task.ament_cmake.build:Building ROS package in '/home/aa274/autonomy_ws/src/aa274sections/s3_basic' with build type 'ament_cmake'
[1.301s] INFO:colcon.colcon_cmake.task.cmake.build:Building CMake package in '/home/aa274/autonomy_ws/src/aa274sections/s3_basic'
[1.305s] INFO:colcon.colcon_core.plugin_system:Skipping extension 'colcon_core.shell.bat': Not used on non-Windows systems
[1.305s] INFO:colcon.colcon_core.shell:Skip shell extension 'powershell' for command environment: Not usable outside of PowerShell
[1.305s] DEBUG:colcon.colcon_core.shell:Skip shell extension 'dsv' for command environment
[1.334s] DEBUG:colcon.colcon_core.event_handler.log_command:Invoking command in '/home/aa274/autonomy_ws/src/aa274sections/s3_basic/build/s3_basic': CMAKE_PREFIX_PATH=${CMAKE_PREFIX_PATH}:/opt/ros/humble /usr/bin/cmake --build /home/aa274/autonomy_ws/src/aa274sections/s3_basic/build/s3_basic -- -j8 -l8
[2.165s] DEBUG:colcon.colcon_core.event_handler.log_command:Invoked command in '/home/aa274/autonomy_ws/src/aa274sections/s3_basic/build/s3_basic' returned '0': CMAKE_PREFIX_PATH=${CMAKE_PREFIX_PATH}:/opt/ros/humble /usr/bin/cmake --build /home/aa274/autonomy_ws/src/aa274sections/s3_basic/build/s3_basic -- -j8 -l8
[2.242s] DEBUG:colcon.colcon_core.event_handler.log_command:Invoking command in '/home/aa274/autonomy_ws/src/aa274sections/s3_basic/build/s3_basic': CMAKE_PREFIX_PATH=${CMAKE_PREFIX_PATH}:/opt/ros/humble /usr/bin/cmake --install /home/aa274/autonomy_ws/src/aa274sections/s3_basic/build/s3_basic
[2.298s] Level 1:colcon.colcon_core.environment:create_environment_scripts_only(s3_basic)
[2.299s] DEBUG:colcon.colcon_core.event_handler.log_command:Invoked command in '/home/aa274/autonomy_ws/src/aa274sections/s3_basic/build/s3_basic' returned '0': CMAKE_PREFIX_PATH=${CMAKE_PREFIX_PATH}:/opt/ros/humble /usr/bin/cmake --install /home/aa274/autonomy_ws/src/aa274sections/s3_basic/build/s3_basic
[2.306s] Level 1:colcon.colcon_core.environment:checking '/home/aa274/autonomy_ws/src/aa274sections/s3_basic/install/s3_basic' for CMake module files
[2.308s] Level 1:colcon.colcon_core.environment:checking '/home/aa274/autonomy_ws/src/aa274sections/s3_basic/install/s3_basic' for CMake config files
[2.309s] Level 1:colcon.colcon_core.shell:create_environment_hook('s3_basic', 'cmake_prefix_path')
[2.310s] INFO:colcon.colcon_core.shell:Creating environment hook '/home/aa274/autonomy_ws/src/aa274sections/s3_basic/install/s3_basic/share/s3_basic/hook/cmake_prefix_path.ps1'
[2.311s] INFO:colcon.colcon_core.shell:Creating environment descriptor '/home/aa274/autonomy_ws/src/aa274sections/s3_basic/install/s3_basic/share/s3_basic/hook/cmake_prefix_path.dsv'
[2.312s] INFO:colcon.colcon_core.shell:Creating environment hook '/home/aa274/autonomy_ws/src/aa274sections/s3_basic/install/s3_basic/share/s3_basic/hook/cmake_prefix_path.sh'
[2.315s] Level 1:colcon.colcon_core.environment:checking '/home/aa274/autonomy_ws/src/aa274sections/s3_basic/install/s3_basic/lib'
[2.317s] Level 1:colcon.colcon_core.environment:checking '/home/aa274/autonomy_ws/src/aa274sections/s3_basic/install/s3_basic/bin'
[2.317s] Level 1:colcon.colcon_core.environment:checking '/home/aa274/autonomy_ws/src/aa274sections/s3_basic/install/s3_basic/lib/pkgconfig/s3_basic.pc'
[2.318s] Level 1:colcon.colcon_core.environment:checking '/home/aa274/autonomy_ws/src/aa274sections/s3_basic/install/s3_basic/lib/python3.10/site-packages'
[2.318s] Level 1:colcon.colcon_core.environment:checking '/home/aa274/autonomy_ws/src/aa274sections/s3_basic/install/s3_basic/bin'
[2.319s] INFO:colcon.colcon_core.shell:Creating package script '/home/aa274/autonomy_ws/src/aa274sections/s3_basic/install/s3_basic/share/s3_basic/package.ps1'
[2.321s] INFO:colcon.colcon_core.shell:Creating package descriptor '/home/aa274/autonomy_ws/src/aa274sections/s3_basic/install/s3_basic/share/s3_basic/package.dsv'
[2.322s] INFO:colcon.colcon_core.shell:Creating package script '/home/aa274/autonomy_ws/src/aa274sections/s3_basic/install/s3_basic/share/s3_basic/package.sh'
[2.324s] INFO:colcon.colcon_core.shell:Creating package script '/home/aa274/autonomy_ws/src/aa274sections/s3_basic/install/s3_basic/share/s3_basic/package.bash'
[2.326s] INFO:colcon.colcon_core.shell:Creating package script '/home/aa274/autonomy_ws/src/aa274sections/s3_basic/install/s3_basic/share/s3_basic/package.zsh'
[2.330s] Level 1:colcon.colcon_core.environment:create_file_with_runtime_dependencies(/home/aa274/autonomy_ws/src/aa274sections/s3_basic/install/s3_basic/share/colcon-core/packages/s3_basic)
[2.391s] Level 1:colcon.colcon_core.environment:create_environment_scripts_only(s3_basic)
[2.392s] Level 1:colcon.colcon_core.environment:checking '/home/aa274/autonomy_ws/src/aa274sections/s3_basic/install/s3_basic' for CMake module files
[2.394s] Level 1:colcon.colcon_core.environment:checking '/home/aa274/autonomy_ws/src/aa274sections/s3_basic/install/s3_basic' for CMake config files
[2.395s] Level 1:colcon.colcon_core.shell:create_environment_hook('s3_basic', 'cmake_prefix_path')
[2.395s] INFO:colcon.colcon_core.shell:Creating environment hook '/home/aa274/autonomy_ws/src/aa274sections/s3_basic/install/s3_basic/share/s3_basic/hook/cmake_prefix_path.ps1'
[2.396s] INFO:colcon.colcon_core.shell:Creating environment descriptor '/home/aa274/autonomy_ws/src/aa274sections/s3_basic/install/s3_basic/share/s3_basic/hook/cmake_prefix_path.dsv'
[2.397s] INFO:colcon.colcon_core.shell:Creating environment hook '/home/aa274/autonomy_ws/src/aa274sections/s3_basic/install/s3_basic/share/s3_basic/hook/cmake_prefix_path.sh'
[2.400s] Level 1:colcon.colcon_core.environment:checking '/home/aa274/autonomy_ws/src/aa274sections/s3_basic/install/s3_basic/lib'
[2.400s] Level 1:colcon.colcon_core.environment:checking '/home/aa274/autonomy_ws/src/aa274sections/s3_basic/install/s3_basic/bin'
[2.400s] Level 1:colcon.colcon_core.environment:checking '/home/aa274/autonomy_ws/src/aa274sections/s3_basic/install/s3_basic/lib/pkgconfig/s3_basic.pc'
[2.401s] Level 1:colcon.colcon_core.environment:checking '/home/aa274/autonomy_ws/src/aa274sections/s3_basic/install/s3_basic/lib/python3.10/site-packages'
[2.402s] Level 1:colcon.colcon_core.environment:checking '/home/aa274/autonomy_ws/src/aa274sections/s3_basic/install/s3_basic/bin'
[2.402s] INFO:colcon.colcon_core.shell:Creating package script '/home/aa274/autonomy_ws/src/aa274sections/s3_basic/install/s3_basic/share/s3_basic/package.ps1'
[2.404s] INFO:colcon.colcon_core.shell:Creating package descriptor '/home/aa274/autonomy_ws/src/aa274sections/s3_basic/install/s3_basic/share/s3_basic/package.dsv'
[2.405s] INFO:colcon.colcon_core.shell:Creating package script '/home/aa274/autonomy_ws/src/aa274sections/s3_basic/install/s3_basic/share/s3_basic/package.sh'
[2.407s] INFO:colcon.colcon_core.shell:Creating package script '/home/aa274/autonomy_ws/src/aa274sections/s3_basic/install/s3_basic/share/s3_basic/package.bash'
[2.408s] INFO:colcon.colcon_core.shell:Creating package script '/home/aa274/autonomy_ws/src/aa274sections/s3_basic/install/s3_basic/share/s3_basic/package.zsh'
[2.409s] Level 1:colcon.colcon_core.environment:create_file_with_runtime_dependencies(/home/aa274/autonomy_ws/src/aa274sections/s3_basic/install/s3_basic/share/colcon-core/packages/s3_basic)
[2.410s] DEBUG:colcon.colcon_parallel_executor.executor.parallel:closing loop
[2.411s] DEBUG:colcon.colcon_parallel_executor.executor.parallel:loop closed
[2.412s] DEBUG:colcon.colcon_parallel_executor.executor.parallel:run_until_complete finished with '0'
[2.413s] DEBUG:colcon.colcon_core.event_reactor:joining thread
[2.437s] INFO:colcon.colcon_core.plugin_system:Skipping extension 'colcon_notification.desktop_notification.terminal_notifier': Not used on non-Darwin systems
[2.437s] INFO:colcon.colcon_core.plugin_system:Skipping extension 'colcon_notification.desktop_notification.win32': Not used on non-Windows systems
[2.437s] INFO:colcon.colcon_notification.desktop_notification:Sending desktop notification using 'notify2'
[2.468s] DEBUG:colcon.colcon_core.event_reactor:joined thread
[2.469s] INFO:colcon.colcon_core.shell:Creating prefix script '/home/aa274/autonomy_ws/src/aa274sections/s3_basic/install/local_setup.ps1'
[2.472s] INFO:colcon.colcon_core.shell:Creating prefix util module '/home/aa274/autonomy_ws/src/aa274sections/s3_basic/install/_local_setup_util_ps1.py'
[2.476s] INFO:colcon.colcon_core.shell:Creating prefix chain script '/home/aa274/autonomy_ws/src/aa274sections/s3_basic/install/setup.ps1'
[2.483s] INFO:colcon.colcon_core.shell:Creating prefix script '/home/aa274/autonomy_ws/src/aa274sections/s3_basic/install/local_setup.sh'
[2.486s] INFO:colcon.colcon_core.shell:Creating prefix util module '/home/aa274/autonomy_ws/src/aa274sections/s3_basic/install/_local_setup_util_sh.py'
[2.488s] INFO:colcon.colcon_core.shell:Creating prefix chain script '/home/aa274/autonomy_ws/src/aa274sections/s3_basic/install/setup.sh'
[2.493s] INFO:colcon.colcon_core.shell:Creating prefix script '/home/aa274/autonomy_ws/src/aa274sections/s3_basic/install/local_setup.bash'
[2.495s] INFO:colcon.colcon_core.shell:Creating prefix chain script '/home/aa274/autonomy_ws/src/aa274sections/s3_basic/install/setup.bash'
[2.503s] INFO:colcon.colcon_core.shell:Creating prefix script '/home/aa274/autonomy_ws/src/aa274sections/s3_basic/install/local_setup.zsh'
[2.505s] INFO:colcon.colcon_core.shell:Creating prefix chain script '/home/aa274/autonomy_ws/src/aa274sections/s3_basic/install/setup.zsh'
