[0.023s] Invoking command in '/home/aa274/autonomy_ws/src/aa274sections/build/autonomy_repo': CMAKE_PREFIX_PATH=${CMAKE_PREFIX_PATH}:/opt/ros/humble /usr/bin/cmake --build /home/aa274/autonomy_ws/src/aa274sections/build/autonomy_repo -- -j8 -l8
[0.072s] Invoked command in '/home/aa274/autonomy_ws/src/aa274sections/build/autonomy_repo' returned '0': CMAKE_PREFIX_PATH=${CMAKE_PREFIX_PATH}:/opt/ros/humble /usr/bin/cmake --build /home/aa274/autonomy_ws/src/aa274sections/build/autonomy_repo -- -j8 -l8
[0.101s] Invoking command in '/home/aa274/autonomy_ws/src/aa274sections/build/autonomy_repo': CMAKE_PREFIX_PATH=${CMAKE_PREFIX_PATH}:/opt/ros/humble /usr/bin/cmake --install /home/aa274/autonomy_ws/src/aa274sections/build/autonomy_repo
[0.108s] -- Install configuration: "RelWithDebInfo"
[0.109s] -- Execute custom install script
[0.109s] -- Up-to-date symlink: /home/aa274/autonomy_ws/src/aa274sections/install/autonomy_repo/lib/autonomy_repo/heading_controller.py
[0.109s] -- Up-to-date symlink: /home/aa274/autonomy_ws/src/aa274sections/install/autonomy_repo/lib/autonomy_repo/p3_plot.py
[0.110s] -- Up-to-date symlink: /home/aa274/autonomy_ws/src/aa274sections/install/autonomy_repo/lib/autonomy_repo/navigator.py
[0.110s] -- Up-to-date symlink: /home/aa274/autonomy_ws/src/aa274sections/install/autonomy_repo/lib/autonomy_repo/perception_controller.py
[0.110s] -- Up-to-date symlink: /home/aa274/autonomy_ws/src/aa274sections/install/autonomy_repo/lib/autonomy_repo/explorer.py
[0.110s] -- Up-to-date symlink: /home/aa274/autonomy_ws/src/aa274sections/install/autonomy_repo/share/autonomy_repo/launch/explorer.launch.py
[0.111s] -- Up-to-date symlink: /home/aa274/autonomy_ws/src/aa274sections/install/autonomy_repo/share/autonomy_repo/launch/heading_control.launch.py
[0.111s] -- Up-to-date symlink: /home/aa274/autonomy_ws/src/aa274sections/install/autonomy_repo/share/autonomy_repo/launch/navigator.launch.py
[0.111s] -- Up-to-date symlink: /home/aa274/autonomy_ws/src/aa274sections/install/autonomy_repo/share/autonomy_repo/launch/perception_controller.launch.py
[0.111s] -- Up-to-date symlink: /home/aa274/autonomy_ws/src/aa274sections/install/autonomy_repo/share/autonomy_repo/rviz/default.rviz
[0.112s] -- Up-to-date symlink: /home/aa274/autonomy_ws/src/aa274sections/install/autonomy_repo/share/ament_index/resource_index/package_run_dependencies/autonomy_repo
[0.112s] -- Up-to-date symlink: /home/aa274/autonomy_ws/src/aa274sections/install/autonomy_repo/share/ament_index/resource_index/parent_prefix_path/autonomy_repo
[0.112s] -- Up-to-date symlink: /home/aa274/autonomy_ws/src/aa274sections/install/autonomy_repo/share/autonomy_repo/environment/ament_prefix_path.sh
[0.112s] -- Up-to-date symlink: /home/aa274/autonomy_ws/src/aa274sections/install/autonomy_repo/share/autonomy_repo/environment/ament_prefix_path.dsv
[0.113s] -- Up-to-date symlink: /home/aa274/autonomy_ws/src/aa274sections/install/autonomy_repo/share/autonomy_repo/environment/path.sh
[0.113s] -- Up-to-date symlink: /home/aa274/autonomy_ws/src/aa274sections/install/autonomy_repo/share/autonomy_repo/environment/path.dsv
[0.114s] -- Up-to-date symlink: /home/aa274/autonomy_ws/src/aa274sections/install/autonomy_repo/share/autonomy_repo/local_setup.bash
[0.115s] -- Up-to-date symlink: /home/aa274/autonomy_ws/src/aa274sections/install/autonomy_repo/share/autonomy_repo/local_setup.sh
[0.115s] -- Up-to-date symlink: /home/aa274/autonomy_ws/src/aa274sections/install/autonomy_repo/share/autonomy_repo/local_setup.zsh
[0.115s] -- Up-to-date symlink: /home/aa274/autonomy_ws/src/aa274sections/install/autonomy_repo/share/autonomy_repo/local_setup.dsv
[0.118s] -- Symlinking: /home/aa274/autonomy_ws/src/aa274sections/install/autonomy_repo/share/autonomy_repo/package.dsv
[0.134s] -- Up-to-date symlink: /home/aa274/autonomy_ws/src/aa274sections/install/autonomy_repo/share/ament_index/resource_index/packages/autonomy_repo
[0.135s] -- Up-to-date symlink: /home/aa274/autonomy_ws/src/aa274sections/install/autonomy_repo/share/autonomy_repo/cmake/autonomy_repoConfig.cmake
[0.135s] -- Up-to-date symlink: /home/aa274/autonomy_ws/src/aa274sections/install/autonomy_repo/share/autonomy_repo/cmake/autonomy_repoConfig-version.cmake
[0.135s] -- Up-to-date symlink: /home/aa274/autonomy_ws/src/aa274sections/install/autonomy_repo/share/autonomy_repo/package.xml
[0.156s] Invoked command in '/home/aa274/autonomy_ws/src/aa274sections/build/autonomy_repo' returned '0': CMAKE_PREFIX_PATH=${CMAKE_PREFIX_PATH}:/opt/ros/humble /usr/bin/cmake --install /home/aa274/autonomy_ws/src/aa274sections/build/autonomy_repo
