[0.415s] DEBUG:colcon:Command line arguments: ['/usr/bin/colcon', 'build', '--symlink-install']
[0.415s] DEBUG:colcon:Parsed command line arguments: Namespace(log_base=None, log_level=None, verb_name='build', build_base='build', install_base='install', merge_install=False, symlink_install=True, test_result_base=None, continue_on_error=False, executor='parallel', parallel_workers=8, event_handlers=None, ignore_user_meta=False, metas=['./colcon.meta'], base_paths=['.'], packages_ignore=None, packages_ignore_regex=None, paths=None, packages_up_to=None, packages_up_to_regex=None, packages_above=None, packages_above_and_dependencies=None, packages_above_depth=None, packages_select_by_dep=None, packages_skip_by_dep=None, packages_skip_up_to=None, packages_select_build_failed=False, packages_skip_build_finished=False, packages_select_test_failures=False, packages_skip_test_passed=False, packages_select=None, packages_skip=None, packages_select_regex=None, packages_skip_regex=None, packages_start=None, packages_end=None, allow_overriding=[], cmake_args=['-DCMAKE_EXPORT_COMPILE_COMMANDS=ON', '-DCMAKE_BUILD_TYPE=RelWithDebInfo'], cmake_target=None, cmake_target_skip_unavailable=False, cmake_clean_cache=False, cmake_clean_first=False, cmake_force_configure=False, ament_cmake_args=None, catkin_cmake_args=None, catkin_skip_building_tests=False, mixin_files=None, mixin=None, verb_parser=<colcon_mixin.mixin.mixin_argument.MixinArgumentDecorator object at 0x71dca670e500>, verb_extension=<colcon_core.verb.build.BuildVerb object at 0x71dca670de70>, main=<bound method BuildVerb.main of <colcon_core.verb.build.BuildVerb object at 0x71dca670de70>>, mixin_verb=('build',))
[1.034s] Level 1:colcon.colcon_core.package_discovery:discover_packages(colcon_meta) check parameters
[1.035s] Level 1:colcon.colcon_core.package_discovery:discover_packages(recursive) check parameters
[1.035s] Level 1:colcon.colcon_core.package_discovery:discover_packages(ignore) check parameters
[1.035s] Level 1:colcon.colcon_core.package_discovery:discover_packages(path) check parameters
[1.035s] Level 1:colcon.colcon_core.package_discovery:discover_packages(colcon_meta) discover
[1.035s] Level 1:colcon.colcon_core.package_discovery:discover_packages(recursive) discover
[1.035s] INFO:colcon.colcon_core.package_discovery:Crawling recursively for packages in '/home/aa274/autonomy_ws/src/aa274sections'
[1.035s] Level 1:colcon.colcon_core.package_identification:_identify(.) by extensions ['ignore', 'ignore_ament_install']
[1.036s] Level 1:colcon.colcon_core.package_identification:_identify(.) by extension 'ignore'
[1.036s] Level 1:colcon.colcon_core.package_identification:_identify(.) by extension 'ignore_ament_install'
[1.036s] Level 1:colcon.colcon_core.package_identification:_identify(.) by extensions ['colcon_pkg']
[1.036s] Level 1:colcon.colcon_core.package_identification:_identify(.) by extension 'colcon_pkg'
[1.036s] Level 1:colcon.colcon_core.package_identification:_identify(.) by extensions ['colcon_meta']
[1.036s] Level 1:colcon.colcon_core.package_identification:_identify(.) by extension 'colcon_meta'
[1.037s] Level 1:colcon.colcon_core.package_identification:_identify(.) by extensions ['ros']
[1.037s] Level 1:colcon.colcon_core.package_identification:_identify(.) by extension 'ros'
[1.072s] Level 1:colcon.colcon_core.package_identification:_identify(.) by extensions ['cmake', 'python']
[1.072s] Level 1:colcon.colcon_core.package_identification:_identify(.) by extension 'cmake'
[1.072s] Level 1:colcon.colcon_core.package_identification:_identify(.) by extension 'python'
[1.072s] Level 1:colcon.colcon_core.package_identification:_identify(.) by extensions ['python_setup_py']
[1.072s] Level 1:colcon.colcon_core.package_identification:_identify(.) by extension 'python_setup_py'
[1.072s] Level 1:colcon.colcon_core.package_identification:_identify(autonomy_repo) by extensions ['ignore', 'ignore_ament_install']
[1.073s] Level 1:colcon.colcon_core.package_identification:_identify(autonomy_repo) by extension 'ignore'
[1.073s] Level 1:colcon.colcon_core.package_identification:_identify(autonomy_repo) by extension 'ignore_ament_install'
[1.073s] Level 1:colcon.colcon_core.package_identification:_identify(autonomy_repo) by extensions ['colcon_pkg']
[1.073s] Level 1:colcon.colcon_core.package_identification:_identify(autonomy_repo) by extension 'colcon_pkg'
[1.073s] Level 1:colcon.colcon_core.package_identification:_identify(autonomy_repo) by extensions ['colcon_meta']
[1.073s] Level 1:colcon.colcon_core.package_identification:_identify(autonomy_repo) by extension 'colcon_meta'
[1.073s] Level 1:colcon.colcon_core.package_identification:_identify(autonomy_repo) by extensions ['ros']
[1.073s] Level 1:colcon.colcon_core.package_identification:_identify(autonomy_repo) by extension 'ros'
[1.078s] DEBUG:colcon.colcon_core.package_identification:Package 'autonomy_repo' with type 'ros.ament_cmake' and name 'autonomy_repo'
[1.078s] Level 1:colcon.colcon_core.package_identification:_identify(build) by extensions ['ignore', 'ignore_ament_install']
[1.079s] Level 1:colcon.colcon_core.package_identification:_identify(build) by extension 'ignore'
[1.079s] Level 1:colcon.colcon_core.package_identification:_identify(build) ignored
[1.079s] Level 1:colcon.colcon_core.package_identification:_identify(install) by extensions ['ignore', 'ignore_ament_install']
[1.079s] Level 1:colcon.colcon_core.package_identification:_identify(install) by extension 'ignore'
[1.079s] Level 1:colcon.colcon_core.package_identification:_identify(install) ignored
[1.079s] Level 1:colcon.colcon_core.package_identification:_identify(log) by extensions ['ignore', 'ignore_ament_install']
[1.080s] Level 1:colcon.colcon_core.package_identification:_identify(log) by extension 'ignore'
[1.080s] Level 1:colcon.colcon_core.package_identification:_identify(log) ignored
[1.080s] Level 1:colcon.colcon_core.package_identification:_identify(s2_basic) by extensions ['ignore', 'ignore_ament_install']
[1.080s] Level 1:colcon.colcon_core.package_identification:_identify(s2_basic) by extension 'ignore'
[1.080s] Level 1:colcon.colcon_core.package_identification:_identify(s2_basic) by extension 'ignore_ament_install'
[1.080s] Level 1:colcon.colcon_core.package_identification:_identify(s2_basic) by extensions ['colcon_pkg']
[1.080s] Level 1:colcon.colcon_core.package_identification:_identify(s2_basic) by extension 'colcon_pkg'
[1.080s] Level 1:colcon.colcon_core.package_identification:_identify(s2_basic) by extensions ['colcon_meta']
[1.080s] Level 1:colcon.colcon_core.package_identification:_identify(s2_basic) by extension 'colcon_meta'
[1.080s] Level 1:colcon.colcon_core.package_identification:_identify(s2_basic) by extensions ['ros']
[1.080s] Level 1:colcon.colcon_core.package_identification:_identify(s2_basic) by extension 'ros'
[1.082s] DEBUG:colcon.colcon_core.package_identification:Package 's2_basic' with type 'ros.ament_cmake' and name 's2_basic'
[1.082s] Level 1:colcon.colcon_core.package_identification:_identify(s3_basic) by extensions ['ignore', 'ignore_ament_install']
[1.082s] Level 1:colcon.colcon_core.package_identification:_identify(s3_basic) by extension 'ignore'
[1.082s] Level 1:colcon.colcon_core.package_identification:_identify(s3_basic) by extension 'ignore_ament_install'
[1.082s] Level 1:colcon.colcon_core.package_identification:_identify(s3_basic) by extensions ['colcon_pkg']
[1.082s] Level 1:colcon.colcon_core.package_identification:_identify(s3_basic) by extension 'colcon_pkg'
[1.082s] Level 1:colcon.colcon_core.package_identification:_identify(s3_basic) by extensions ['colcon_meta']
[1.083s] Level 1:colcon.colcon_core.package_identification:_identify(s3_basic) by extension 'colcon_meta'
[1.083s] Level 1:colcon.colcon_core.package_identification:_identify(s3_basic) by extensions ['ros']
[1.083s] Level 1:colcon.colcon_core.package_identification:_identify(s3_basic) by extension 'ros'
[1.084s] DEBUG:colcon.colcon_core.package_identification:Package 's3_basic' with type 'ros.ament_cmake' and name 's3_basic'
[1.084s] Level 1:colcon.colcon_core.package_discovery:discover_packages(recursive) using defaults
[1.084s] Level 1:colcon.colcon_core.package_discovery:discover_packages(ignore) discover
[1.084s] Level 1:colcon.colcon_core.package_discovery:discover_packages(ignore) using defaults
[1.084s] Level 1:colcon.colcon_core.package_discovery:discover_packages(path) discover
[1.084s] Level 1:colcon.colcon_core.package_discovery:discover_packages(path) using defaults
[1.175s] Level 1:colcon.colcon_core.package_discovery:discover_packages(prefix_path) check parameters
[1.176s] Level 1:colcon.colcon_core.package_discovery:discover_packages(prefix_path) discover
[1.182s] DEBUG:colcon.colcon_installed_package_information.package_discovery:Found 3 installed packages in /home/aa274/autonomy_ws/src/aa274sections/install
[1.183s] DEBUG:colcon.colcon_installed_package_information.package_discovery:Found 18 installed packages in /home/aa274/tb_ws/install
[1.186s] DEBUG:colcon.colcon_installed_package_information.package_discovery:Found 240 installed packages in /opt/ros/humble
[1.189s] Level 1:colcon.colcon_core.package_discovery:discover_packages(prefix_path) using defaults
[1.286s] Level 5:colcon.colcon_core.verb:set package 'autonomy_repo' build argument 'cmake_args' from command line to '['-DCMAKE_EXPORT_COMPILE_COMMANDS=ON', '-DCMAKE_BUILD_TYPE=RelWithDebInfo']'
[1.287s] Level 5:colcon.colcon_core.verb:set package 'autonomy_repo' build argument 'cmake_target' from command line to 'None'
[1.287s] Level 5:colcon.colcon_core.verb:set package 'autonomy_repo' build argument 'cmake_target_skip_unavailable' from command line to 'False'
[1.287s] Level 5:colcon.colcon_core.verb:set package 'autonomy_repo' build argument 'cmake_clean_cache' from command line to 'False'
[1.287s] Level 5:colcon.colcon_core.verb:set package 'autonomy_repo' build argument 'cmake_clean_first' from command line to 'False'
[1.287s] Level 5:colcon.colcon_core.verb:set package 'autonomy_repo' build argument 'cmake_force_configure' from command line to 'False'
[1.287s] Level 5:colcon.colcon_core.verb:set package 'autonomy_repo' build argument 'ament_cmake_args' from command line to 'None'
[1.287s] Level 5:colcon.colcon_core.verb:set package 'autonomy_repo' build argument 'catkin_cmake_args' from command line to 'None'
[1.287s] Level 5:colcon.colcon_core.verb:set package 'autonomy_repo' build argument 'catkin_skip_building_tests' from command line to 'False'
[1.287s] DEBUG:colcon.colcon_core.verb:Building package 'autonomy_repo' with the following arguments: {'ament_cmake_args': None, 'build_base': '/home/aa274/autonomy_ws/src/aa274sections/build/autonomy_repo', 'catkin_cmake_args': None, 'catkin_skip_building_tests': False, 'cmake_args': ['-DCMAKE_EXPORT_COMPILE_COMMANDS=ON', '-DCMAKE_BUILD_TYPE=RelWithDebInfo'], 'cmake_clean_cache': False, 'cmake_clean_first': False, 'cmake_force_configure': False, 'cmake_target': None, 'cmake_target_skip_unavailable': False, 'install_base': '/home/aa274/autonomy_ws/src/aa274sections/install/autonomy_repo', 'merge_install': False, 'path': '/home/aa274/autonomy_ws/src/aa274sections/autonomy_repo', 'symlink_install': True, 'test_result_base': None}
[1.288s] Level 5:colcon.colcon_core.verb:set package 's2_basic' build argument 'cmake_args' from command line to '['-DCMAKE_EXPORT_COMPILE_COMMANDS=ON', '-DCMAKE_BUILD_TYPE=RelWithDebInfo']'
[1.288s] Level 5:colcon.colcon_core.verb:set package 's2_basic' build argument 'cmake_target' from command line to 'None'
[1.288s] Level 5:colcon.colcon_core.verb:set package 's2_basic' build argument 'cmake_target_skip_unavailable' from command line to 'False'
[1.288s] Level 5:colcon.colcon_core.verb:set package 's2_basic' build argument 'cmake_clean_cache' from command line to 'False'
[1.288s] Level 5:colcon.colcon_core.verb:set package 's2_basic' build argument 'cmake_clean_first' from command line to 'False'
[1.288s] Level 5:colcon.colcon_core.verb:set package 's2_basic' build argument 'cmake_force_configure' from command line to 'False'
[1.288s] Level 5:colcon.colcon_core.verb:set package 's2_basic' build argument 'ament_cmake_args' from command line to 'None'
[1.288s] Level 5:colcon.colcon_core.verb:set package 's2_basic' build argument 'catkin_cmake_args' from command line to 'None'
[1.288s] Level 5:colcon.colcon_core.verb:set package 's2_basic' build argument 'catkin_skip_building_tests' from command line to 'False'
[1.288s] DEBUG:colcon.colcon_core.verb:Building package 's2_basic' with the following arguments: {'ament_cmake_args': None, 'build_base': '/home/aa274/autonomy_ws/src/aa274sections/build/s2_basic', 'catkin_cmake_args': None, 'catkin_skip_building_tests': False, 'cmake_args': ['-DCMAKE_EXPORT_COMPILE_COMMANDS=ON', '-DCMAKE_BUILD_TYPE=RelWithDebInfo'], 'cmake_clean_cache': False, 'cmake_clean_first': False, 'cmake_force_configure': False, 'cmake_target': None, 'cmake_target_skip_unavailable': False, 'install_base': '/home/aa274/autonomy_ws/src/aa274sections/install/s2_basic', 'merge_install': False, 'path': '/home/aa274/autonomy_ws/src/aa274sections/s2_basic', 'symlink_install': True, 'test_result_base': None}
[1.290s] Level 5:colcon.colcon_core.verb:set package 's3_basic' build argument 'cmake_args' from command line to '['-DCMAKE_EXPORT_COMPILE_COMMANDS=ON', '-DCMAKE_BUILD_TYPE=RelWithDebInfo']'
[1.290s] Level 5:colcon.colcon_core.verb:set package 's3_basic' build argument 'cmake_target' from command line to 'None'
[1.291s] Level 5:colcon.colcon_core.verb:set package 's3_basic' build argument 'cmake_target_skip_unavailable' from command line to 'False'
[1.291s] Level 5:colcon.colcon_core.verb:set package 's3_basic' build argument 'cmake_clean_cache' from command line to 'False'
[1.292s] Level 5:colcon.colcon_core.verb:set package 's3_basic' build argument 'cmake_clean_first' from command line to 'False'
[1.292s] Level 5:colcon.colcon_core.verb:set package 's3_basic' build argument 'cmake_force_configure' from command line to 'False'
[1.292s] Level 5:colcon.colcon_core.verb:set package 's3_basic' build argument 'ament_cmake_args' from command line to 'None'
[1.292s] Level 5:colcon.colcon_core.verb:set package 's3_basic' build argument 'catkin_cmake_args' from command line to 'None'
[1.292s] Level 5:colcon.colcon_core.verb:set package 's3_basic' build argument 'catkin_skip_building_tests' from command line to 'False'
[1.292s] DEBUG:colcon.colcon_core.verb:Building package 's3_basic' with the following arguments: {'ament_cmake_args': None, 'build_base': '/home/aa274/autonomy_ws/src/aa274sections/build/s3_basic', 'catkin_cmake_args': None, 'catkin_skip_building_tests': False, 'cmake_args': ['-DCMAKE_EXPORT_COMPILE_COMMANDS=ON', '-DCMAKE_BUILD_TYPE=RelWithDebInfo'], 'cmake_clean_cache': False, 'cmake_clean_first': False, 'cmake_force_configure': False, 'cmake_target': None, 'cmake_target_skip_unavailable': False, 'install_base': '/home/aa274/autonomy_ws/src/aa274sections/install/s3_basic', 'merge_install': False, 'path': '/home/aa274/autonomy_ws/src/aa274sections/s3_basic', 'symlink_install': True, 'test_result_base': None}
[1.293s] INFO:colcon.colcon_core.executor:Executing jobs using 'parallel' executor
[1.299s] DEBUG:colcon.colcon_parallel_executor.executor.parallel:run_until_complete
[1.299s] INFO:colcon.colcon_ros.task.ament_cmake.build:Building ROS package in '/home/aa274/autonomy_ws/src/aa274sections/autonomy_repo' with build type 'ament_cmake'
[1.300s] INFO:colcon.colcon_cmake.task.cmake.build:Building CMake package in '/home/aa274/autonomy_ws/src/aa274sections/autonomy_repo'
[1.304s] INFO:colcon.colcon_core.plugin_system:Skipping extension 'colcon_core.shell.bat': Not used on non-Windows systems
[1.305s] INFO:colcon.colcon_core.shell:Skip shell extension 'powershell' for command environment: Not usable outside of PowerShell
[1.305s] DEBUG:colcon.colcon_core.shell:Skip shell extension 'dsv' for command environment
[1.315s] INFO:colcon.colcon_ros.task.ament_cmake.build:Building ROS package in '/home/aa274/autonomy_ws/src/aa274sections/s2_basic' with build type 'ament_cmake'
[1.316s] INFO:colcon.colcon_cmake.task.cmake.build:Building CMake package in '/home/aa274/autonomy_ws/src/aa274sections/s2_basic'
[1.317s] INFO:colcon.colcon_core.shell:Skip shell extension 'powershell' for command environment: Not usable outside of PowerShell
[1.318s] DEBUG:colcon.colcon_core.shell:Skip shell extension 'dsv' for command environment
[1.332s] INFO:colcon.colcon_ros.task.ament_cmake.build:Building ROS package in '/home/aa274/autonomy_ws/src/aa274sections/s3_basic' with build type 'ament_cmake'
[1.333s] INFO:colcon.colcon_cmake.task.cmake.build:Building CMake package in '/home/aa274/autonomy_ws/src/aa274sections/s3_basic'
[1.333s] INFO:colcon.colcon_core.shell:Skip shell extension 'powershell' for command environment: Not usable outside of PowerShell
[1.333s] DEBUG:colcon.colcon_core.shell:Skip shell extension 'dsv' for command environment
[1.375s] DEBUG:colcon.colcon_core.event_handler.log_command:Invoking command in '/home/aa274/autonomy_ws/src/aa274sections/build/autonomy_repo': CMAKE_PREFIX_PATH=${CMAKE_PREFIX_PATH}:/opt/ros/humble /usr/bin/cmake --build /home/aa274/autonomy_ws/src/aa274sections/build/autonomy_repo -- -j8 -l8
[1.388s] DEBUG:colcon.colcon_core.event_handler.log_command:Invoking command in '/home/aa274/autonomy_ws/src/aa274sections/build/s2_basic': CMAKE_PREFIX_PATH=${CMAKE_PREFIX_PATH}:/opt/ros/humble /usr/bin/cmake --build /home/aa274/autonomy_ws/src/aa274sections/build/s2_basic -- -j8 -l8
[1.394s] DEBUG:colcon.colcon_core.event_handler.log_command:Invoking command in '/home/aa274/autonomy_ws/src/aa274sections/build/s3_basic': CMAKE_PREFIX_PATH=${CMAKE_PREFIX_PATH}:/opt/ros/humble /usr/bin/cmake --build /home/aa274/autonomy_ws/src/aa274sections/build/s3_basic -- -j8 -l8
[1.495s] DEBUG:colcon.colcon_core.event_handler.log_command:Invoked command in '/home/aa274/autonomy_ws/src/aa274sections/build/s2_basic' returned '0': CMAKE_PREFIX_PATH=${CMAKE_PREFIX_PATH}:/opt/ros/humble /usr/bin/cmake --build /home/aa274/autonomy_ws/src/aa274sections/build/s2_basic -- -j8 -l8
[1.511s] DEBUG:colcon.colcon_core.event_handler.log_command:Invoked command in '/home/aa274/autonomy_ws/src/aa274sections/build/s3_basic' returned '0': CMAKE_PREFIX_PATH=${CMAKE_PREFIX_PATH}:/opt/ros/humble /usr/bin/cmake --build /home/aa274/autonomy_ws/src/aa274sections/build/s3_basic -- -j8 -l8
[1.587s] DEBUG:colcon.colcon_core.event_handler.log_command:Invoking command in '/home/aa274/autonomy_ws/src/aa274sections/build/s2_basic': CMAKE_PREFIX_PATH=${CMAKE_PREFIX_PATH}:/opt/ros/humble /usr/bin/cmake --install /home/aa274/autonomy_ws/src/aa274sections/build/s2_basic
[1.604s] DEBUG:colcon.colcon_core.event_handler.log_command:Invoking command in '/home/aa274/autonomy_ws/src/aa274sections/build/s3_basic': CMAKE_PREFIX_PATH=${CMAKE_PREFIX_PATH}:/opt/ros/humble /usr/bin/cmake --install /home/aa274/autonomy_ws/src/aa274sections/build/s3_basic
[1.666s] Level 1:colcon.colcon_core.environment:create_environment_scripts_only(s2_basic)
[1.666s] DEBUG:colcon.colcon_core.event_handler.log_command:Invoked command in '/home/aa274/autonomy_ws/src/aa274sections/build/s2_basic' returned '0': CMAKE_PREFIX_PATH=${CMAKE_PREFIX_PATH}:/opt/ros/humble /usr/bin/cmake --install /home/aa274/autonomy_ws/src/aa274sections/build/s2_basic
[1.681s] Level 1:colcon.colcon_core.environment:checking '/home/aa274/autonomy_ws/src/aa274sections/install/s2_basic' for CMake module files
[1.683s] Level 1:colcon.colcon_core.environment:checking '/home/aa274/autonomy_ws/src/aa274sections/install/s2_basic' for CMake config files
[1.683s] Level 1:colcon.colcon_core.shell:create_environment_hook('s2_basic', 'cmake_prefix_path')
[1.684s] INFO:colcon.colcon_core.shell:Creating environment hook '/home/aa274/autonomy_ws/src/aa274sections/install/s2_basic/share/s2_basic/hook/cmake_prefix_path.ps1'
[1.686s] INFO:colcon.colcon_core.shell:Creating environment descriptor '/home/aa274/autonomy_ws/src/aa274sections/install/s2_basic/share/s2_basic/hook/cmake_prefix_path.dsv'
[1.687s] INFO:colcon.colcon_core.shell:Creating environment hook '/home/aa274/autonomy_ws/src/aa274sections/install/s2_basic/share/s2_basic/hook/cmake_prefix_path.sh'
[1.695s] Level 1:colcon.colcon_core.environment:checking '/home/aa274/autonomy_ws/src/aa274sections/install/s2_basic/lib'
[1.696s] Level 1:colcon.colcon_core.environment:checking '/home/aa274/autonomy_ws/src/aa274sections/install/s2_basic/bin'
[1.696s] Level 1:colcon.colcon_core.environment:checking '/home/aa274/autonomy_ws/src/aa274sections/install/s2_basic/lib/pkgconfig/s2_basic.pc'
[1.697s] Level 1:colcon.colcon_core.environment:checking '/home/aa274/autonomy_ws/src/aa274sections/install/s2_basic/lib/python3.10/site-packages'
[1.698s] Level 1:colcon.colcon_core.environment:checking '/home/aa274/autonomy_ws/src/aa274sections/install/s2_basic/bin'
[1.699s] INFO:colcon.colcon_core.shell:Creating package script '/home/aa274/autonomy_ws/src/aa274sections/install/s2_basic/share/s2_basic/package.ps1'
[1.701s] INFO:colcon.colcon_core.shell:Creating package descriptor '/home/aa274/autonomy_ws/src/aa274sections/install/s2_basic/share/s2_basic/package.dsv'
[1.703s] INFO:colcon.colcon_core.shell:Creating package script '/home/aa274/autonomy_ws/src/aa274sections/install/s2_basic/share/s2_basic/package.sh'
[1.704s] INFO:colcon.colcon_core.shell:Creating package script '/home/aa274/autonomy_ws/src/aa274sections/install/s2_basic/share/s2_basic/package.bash'
[1.709s] INFO:colcon.colcon_core.shell:Creating package script '/home/aa274/autonomy_ws/src/aa274sections/install/s2_basic/share/s2_basic/package.zsh'
[1.713s] Level 1:colcon.colcon_core.environment:create_file_with_runtime_dependencies(/home/aa274/autonomy_ws/src/aa274sections/install/s2_basic/share/colcon-core/packages/s2_basic)
[1.717s] Level 1:colcon.colcon_core.environment:create_environment_scripts_only(s3_basic)
[1.718s] Level 1:colcon.colcon_core.environment:checking '/home/aa274/autonomy_ws/src/aa274sections/install/s3_basic' for CMake module files
[1.719s] DEBUG:colcon.colcon_core.event_handler.log_command:Invoked command in '/home/aa274/autonomy_ws/src/aa274sections/build/s3_basic' returned '0': CMAKE_PREFIX_PATH=${CMAKE_PREFIX_PATH}:/opt/ros/humble /usr/bin/cmake --install /home/aa274/autonomy_ws/src/aa274sections/build/s3_basic
[1.720s] Level 1:colcon.colcon_core.environment:checking '/home/aa274/autonomy_ws/src/aa274sections/install/s3_basic' for CMake config files
[1.720s] Level 1:colcon.colcon_core.shell:create_environment_hook('s3_basic', 'cmake_prefix_path')
[1.721s] INFO:colcon.colcon_core.shell:Creating environment hook '/home/aa274/autonomy_ws/src/aa274sections/install/s3_basic/share/s3_basic/hook/cmake_prefix_path.ps1'
[1.722s] INFO:colcon.colcon_core.shell:Creating environment descriptor '/home/aa274/autonomy_ws/src/aa274sections/install/s3_basic/share/s3_basic/hook/cmake_prefix_path.dsv'
[1.725s] INFO:colcon.colcon_core.shell:Creating environment hook '/home/aa274/autonomy_ws/src/aa274sections/install/s3_basic/share/s3_basic/hook/cmake_prefix_path.sh'
[1.731s] Level 1:colcon.colcon_core.environment:checking '/home/aa274/autonomy_ws/src/aa274sections/install/s3_basic/lib'
[1.731s] Level 1:colcon.colcon_core.environment:checking '/home/aa274/autonomy_ws/src/aa274sections/install/s3_basic/bin'
[1.731s] Level 1:colcon.colcon_core.environment:checking '/home/aa274/autonomy_ws/src/aa274sections/install/s3_basic/lib/pkgconfig/s3_basic.pc'
[1.732s] Level 1:colcon.colcon_core.environment:checking '/home/aa274/autonomy_ws/src/aa274sections/install/s3_basic/lib/python3.10/site-packages'
[1.732s] Level 1:colcon.colcon_core.environment:checking '/home/aa274/autonomy_ws/src/aa274sections/install/s3_basic/bin'
[1.733s] INFO:colcon.colcon_core.shell:Creating package script '/home/aa274/autonomy_ws/src/aa274sections/install/s3_basic/share/s3_basic/package.ps1'
[1.735s] INFO:colcon.colcon_core.shell:Creating package descriptor '/home/aa274/autonomy_ws/src/aa274sections/install/s3_basic/share/s3_basic/package.dsv'
[1.737s] INFO:colcon.colcon_core.shell:Creating package script '/home/aa274/autonomy_ws/src/aa274sections/install/s3_basic/share/s3_basic/package.sh'
[1.738s] INFO:colcon.colcon_core.shell:Creating package script '/home/aa274/autonomy_ws/src/aa274sections/install/s3_basic/share/s3_basic/package.bash'
[1.740s] INFO:colcon.colcon_core.shell:Creating package script '/home/aa274/autonomy_ws/src/aa274sections/install/s3_basic/share/s3_basic/package.zsh'
[1.742s] Level 1:colcon.colcon_core.environment:create_file_with_runtime_dependencies(/home/aa274/autonomy_ws/src/aa274sections/install/s3_basic/share/colcon-core/packages/s3_basic)
[1.779s] Level 1:colcon.colcon_core.environment:create_environment_scripts_only(s2_basic)
[1.779s] Level 1:colcon.colcon_core.environment:checking '/home/aa274/autonomy_ws/src/aa274sections/install/s2_basic' for CMake module files
[1.780s] Level 1:colcon.colcon_core.environment:checking '/home/aa274/autonomy_ws/src/aa274sections/install/s2_basic' for CMake config files
[1.781s] Level 1:colcon.colcon_core.shell:create_environment_hook('s2_basic', 'cmake_prefix_path')
[1.781s] INFO:colcon.colcon_core.shell:Creating environment hook '/home/aa274/autonomy_ws/src/aa274sections/install/s2_basic/share/s2_basic/hook/cmake_prefix_path.ps1'
[1.782s] INFO:colcon.colcon_core.shell:Creating environment descriptor '/home/aa274/autonomy_ws/src/aa274sections/install/s2_basic/share/s2_basic/hook/cmake_prefix_path.dsv'
[1.782s] INFO:colcon.colcon_core.shell:Creating environment hook '/home/aa274/autonomy_ws/src/aa274sections/install/s2_basic/share/s2_basic/hook/cmake_prefix_path.sh'
[1.783s] Level 1:colcon.colcon_core.environment:checking '/home/aa274/autonomy_ws/src/aa274sections/install/s2_basic/lib'
[1.784s] Level 1:colcon.colcon_core.environment:checking '/home/aa274/autonomy_ws/src/aa274sections/install/s2_basic/bin'
[1.784s] Level 1:colcon.colcon_core.environment:checking '/home/aa274/autonomy_ws/src/aa274sections/install/s2_basic/lib/pkgconfig/s2_basic.pc'
[1.784s] Level 1:colcon.colcon_core.environment:checking '/home/aa274/autonomy_ws/src/aa274sections/install/s2_basic/lib/python3.10/site-packages'
[1.785s] Level 1:colcon.colcon_core.environment:checking '/home/aa274/autonomy_ws/src/aa274sections/install/s2_basic/bin'
[1.785s] INFO:colcon.colcon_core.shell:Creating package script '/home/aa274/autonomy_ws/src/aa274sections/install/s2_basic/share/s2_basic/package.ps1'
[1.786s] INFO:colcon.colcon_core.shell:Creating package descriptor '/home/aa274/autonomy_ws/src/aa274sections/install/s2_basic/share/s2_basic/package.dsv'
[1.787s] INFO:colcon.colcon_core.shell:Creating package script '/home/aa274/autonomy_ws/src/aa274sections/install/s2_basic/share/s2_basic/package.sh'
[1.788s] INFO:colcon.colcon_core.shell:Creating package script '/home/aa274/autonomy_ws/src/aa274sections/install/s2_basic/share/s2_basic/package.bash'
[1.788s] INFO:colcon.colcon_core.shell:Creating package script '/home/aa274/autonomy_ws/src/aa274sections/install/s2_basic/share/s2_basic/package.zsh'
[1.790s] Level 1:colcon.colcon_core.environment:create_file_with_runtime_dependencies(/home/aa274/autonomy_ws/src/aa274sections/install/s2_basic/share/colcon-core/packages/s2_basic)
[1.797s] Level 1:colcon.colcon_core.environment:create_environment_scripts_only(s3_basic)
[1.797s] Level 1:colcon.colcon_core.environment:checking '/home/aa274/autonomy_ws/src/aa274sections/install/s3_basic' for CMake module files
[1.798s] Level 1:colcon.colcon_core.environment:checking '/home/aa274/autonomy_ws/src/aa274sections/install/s3_basic' for CMake config files
[1.798s] Level 1:colcon.colcon_core.shell:create_environment_hook('s3_basic', 'cmake_prefix_path')
[1.799s] INFO:colcon.colcon_core.shell:Creating environment hook '/home/aa274/autonomy_ws/src/aa274sections/install/s3_basic/share/s3_basic/hook/cmake_prefix_path.ps1'
[1.800s] INFO:colcon.colcon_core.shell:Creating environment descriptor '/home/aa274/autonomy_ws/src/aa274sections/install/s3_basic/share/s3_basic/hook/cmake_prefix_path.dsv'
[1.800s] INFO:colcon.colcon_core.shell:Creating environment hook '/home/aa274/autonomy_ws/src/aa274sections/install/s3_basic/share/s3_basic/hook/cmake_prefix_path.sh'
[1.801s] Level 1:colcon.colcon_core.environment:checking '/home/aa274/autonomy_ws/src/aa274sections/install/s3_basic/lib'
[1.802s] Level 1:colcon.colcon_core.environment:checking '/home/aa274/autonomy_ws/src/aa274sections/install/s3_basic/bin'
[1.802s] Level 1:colcon.colcon_core.environment:checking '/home/aa274/autonomy_ws/src/aa274sections/install/s3_basic/lib/pkgconfig/s3_basic.pc'
[1.802s] Level 1:colcon.colcon_core.environment:checking '/home/aa274/autonomy_ws/src/aa274sections/install/s3_basic/lib/python3.10/site-packages'
[1.803s] Level 1:colcon.colcon_core.environment:checking '/home/aa274/autonomy_ws/src/aa274sections/install/s3_basic/bin'
[1.803s] INFO:colcon.colcon_core.shell:Creating package script '/home/aa274/autonomy_ws/src/aa274sections/install/s3_basic/share/s3_basic/package.ps1'
[1.804s] INFO:colcon.colcon_core.shell:Creating package descriptor '/home/aa274/autonomy_ws/src/aa274sections/install/s3_basic/share/s3_basic/package.dsv'
[1.805s] INFO:colcon.colcon_core.shell:Creating package script '/home/aa274/autonomy_ws/src/aa274sections/install/s3_basic/share/s3_basic/package.sh'
[1.806s] INFO:colcon.colcon_core.shell:Creating package script '/home/aa274/autonomy_ws/src/aa274sections/install/s3_basic/share/s3_basic/package.bash'
[1.807s] INFO:colcon.colcon_core.shell:Creating package script '/home/aa274/autonomy_ws/src/aa274sections/install/s3_basic/share/s3_basic/package.zsh'
[1.807s] Level 1:colcon.colcon_core.environment:create_file_with_runtime_dependencies(/home/aa274/autonomy_ws/src/aa274sections/install/s3_basic/share/colcon-core/packages/s3_basic)
[2.158s] DEBUG:colcon.colcon_core.event_handler.log_command:Invoked command in '/home/aa274/autonomy_ws/src/aa274sections/build/autonomy_repo' returned '0': CMAKE_PREFIX_PATH=${CMAKE_PREFIX_PATH}:/opt/ros/humble /usr/bin/cmake --build /home/aa274/autonomy_ws/src/aa274sections/build/autonomy_repo -- -j8 -l8
[2.227s] DEBUG:colcon.colcon_core.event_handler.log_command:Invoking command in '/home/aa274/autonomy_ws/src/aa274sections/build/autonomy_repo': CMAKE_PREFIX_PATH=${CMAKE_PREFIX_PATH}:/opt/ros/humble /usr/bin/cmake --install /home/aa274/autonomy_ws/src/aa274sections/build/autonomy_repo
[2.336s] Level 1:colcon.colcon_core.environment:create_environment_scripts_only(autonomy_repo)
[2.338s] Level 1:colcon.colcon_core.environment:checking '/home/aa274/autonomy_ws/src/aa274sections/install/autonomy_repo' for CMake module files
[2.339s] DEBUG:colcon.colcon_core.event_handler.log_command:Invoked command in '/home/aa274/autonomy_ws/src/aa274sections/build/autonomy_repo' returned '0': CMAKE_PREFIX_PATH=${CMAKE_PREFIX_PATH}:/opt/ros/humble /usr/bin/cmake --install /home/aa274/autonomy_ws/src/aa274sections/build/autonomy_repo
[2.345s] Level 1:colcon.colcon_core.environment:checking '/home/aa274/autonomy_ws/src/aa274sections/install/autonomy_repo' for CMake config files
[2.347s] Level 1:colcon.colcon_core.shell:create_environment_hook('autonomy_repo', 'cmake_prefix_path')
[2.348s] INFO:colcon.colcon_core.shell:Creating environment hook '/home/aa274/autonomy_ws/src/aa274sections/install/autonomy_repo/share/autonomy_repo/hook/cmake_prefix_path.ps1'
[2.350s] INFO:colcon.colcon_core.shell:Creating environment descriptor '/home/aa274/autonomy_ws/src/aa274sections/install/autonomy_repo/share/autonomy_repo/hook/cmake_prefix_path.dsv'
[2.351s] INFO:colcon.colcon_core.shell:Creating environment hook '/home/aa274/autonomy_ws/src/aa274sections/install/autonomy_repo/share/autonomy_repo/hook/cmake_prefix_path.sh'
[2.353s] Level 1:colcon.colcon_core.environment:checking '/home/aa274/autonomy_ws/src/aa274sections/install/autonomy_repo/lib'
[2.353s] Level 1:colcon.colcon_core.environment:checking '/home/aa274/autonomy_ws/src/aa274sections/install/autonomy_repo/bin'
[2.353s] Level 1:colcon.colcon_core.environment:checking '/home/aa274/autonomy_ws/src/aa274sections/install/autonomy_repo/lib/pkgconfig/autonomy_repo.pc'
[2.354s] Level 1:colcon.colcon_core.environment:checking '/home/aa274/autonomy_ws/src/aa274sections/install/autonomy_repo/lib/python3.10/site-packages'
[2.355s] Level 1:colcon.colcon_core.environment:checking '/home/aa274/autonomy_ws/src/aa274sections/install/autonomy_repo/bin'
[2.355s] INFO:colcon.colcon_core.shell:Creating package script '/home/aa274/autonomy_ws/src/aa274sections/install/autonomy_repo/share/autonomy_repo/package.ps1'
[2.356s] INFO:colcon.colcon_core.shell:Creating package descriptor '/home/aa274/autonomy_ws/src/aa274sections/install/autonomy_repo/share/autonomy_repo/package.dsv'
[2.359s] INFO:colcon.colcon_core.shell:Creating package script '/home/aa274/autonomy_ws/src/aa274sections/install/autonomy_repo/share/autonomy_repo/package.sh'
[2.362s] INFO:colcon.colcon_core.shell:Creating package script '/home/aa274/autonomy_ws/src/aa274sections/install/autonomy_repo/share/autonomy_repo/package.bash'
[2.367s] INFO:colcon.colcon_core.shell:Creating package script '/home/aa274/autonomy_ws/src/aa274sections/install/autonomy_repo/share/autonomy_repo/package.zsh'
[2.368s] Level 1:colcon.colcon_core.environment:create_file_with_runtime_dependencies(/home/aa274/autonomy_ws/src/aa274sections/install/autonomy_repo/share/colcon-core/packages/autonomy_repo)
[2.442s] Level 1:colcon.colcon_core.environment:create_environment_scripts_only(autonomy_repo)
[2.444s] Level 1:colcon.colcon_core.environment:checking '/home/aa274/autonomy_ws/src/aa274sections/install/autonomy_repo' for CMake module files
[2.445s] Level 1:colcon.colcon_core.environment:checking '/home/aa274/autonomy_ws/src/aa274sections/install/autonomy_repo' for CMake config files
[2.446s] Level 1:colcon.colcon_core.shell:create_environment_hook('autonomy_repo', 'cmake_prefix_path')
[2.447s] INFO:colcon.colcon_core.shell:Creating environment hook '/home/aa274/autonomy_ws/src/aa274sections/install/autonomy_repo/share/autonomy_repo/hook/cmake_prefix_path.ps1'
[2.450s] INFO:colcon.colcon_core.shell:Creating environment descriptor '/home/aa274/autonomy_ws/src/aa274sections/install/autonomy_repo/share/autonomy_repo/hook/cmake_prefix_path.dsv'
[2.451s] INFO:colcon.colcon_core.shell:Creating environment hook '/home/aa274/autonomy_ws/src/aa274sections/install/autonomy_repo/share/autonomy_repo/hook/cmake_prefix_path.sh'
[2.453s] Level 1:colcon.colcon_core.environment:checking '/home/aa274/autonomy_ws/src/aa274sections/install/autonomy_repo/lib'
[2.453s] Level 1:colcon.colcon_core.environment:checking '/home/aa274/autonomy_ws/src/aa274sections/install/autonomy_repo/bin'
[2.453s] Level 1:colcon.colcon_core.environment:checking '/home/aa274/autonomy_ws/src/aa274sections/install/autonomy_repo/lib/pkgconfig/autonomy_repo.pc'
[2.454s] Level 1:colcon.colcon_core.environment:checking '/home/aa274/autonomy_ws/src/aa274sections/install/autonomy_repo/lib/python3.10/site-packages'
[2.456s] Level 1:colcon.colcon_core.environment:checking '/home/aa274/autonomy_ws/src/aa274sections/install/autonomy_repo/bin'
[2.460s] INFO:colcon.colcon_core.shell:Creating package script '/home/aa274/autonomy_ws/src/aa274sections/install/autonomy_repo/share/autonomy_repo/package.ps1'
[2.463s] INFO:colcon.colcon_core.shell:Creating package descriptor '/home/aa274/autonomy_ws/src/aa274sections/install/autonomy_repo/share/autonomy_repo/package.dsv'
[2.464s] INFO:colcon.colcon_core.shell:Creating package script '/home/aa274/autonomy_ws/src/aa274sections/install/autonomy_repo/share/autonomy_repo/package.sh'
[2.467s] INFO:colcon.colcon_core.shell:Creating package script '/home/aa274/autonomy_ws/src/aa274sections/install/autonomy_repo/share/autonomy_repo/package.bash'
[2.469s] INFO:colcon.colcon_core.shell:Creating package script '/home/aa274/autonomy_ws/src/aa274sections/install/autonomy_repo/share/autonomy_repo/package.zsh'
[2.470s] Level 1:colcon.colcon_core.environment:create_file_with_runtime_dependencies(/home/aa274/autonomy_ws/src/aa274sections/install/autonomy_repo/share/colcon-core/packages/autonomy_repo)
[2.471s] DEBUG:colcon.colcon_parallel_executor.executor.parallel:closing loop
[2.471s] DEBUG:colcon.colcon_parallel_executor.executor.parallel:loop closed
[2.472s] DEBUG:colcon.colcon_parallel_executor.executor.parallel:run_until_complete finished with '0'
[2.472s] DEBUG:colcon.colcon_core.event_reactor:joining thread
[2.499s] INFO:colcon.colcon_core.plugin_system:Skipping extension 'colcon_notification.desktop_notification.terminal_notifier': Not used on non-Darwin systems
[2.500s] INFO:colcon.colcon_core.plugin_system:Skipping extension 'colcon_notification.desktop_notification.win32': Not used on non-Windows systems
[2.500s] INFO:colcon.colcon_notification.desktop_notification:Sending desktop notification using 'notify2'
[2.552s] DEBUG:colcon.colcon_core.event_reactor:joined thread
[2.556s] INFO:colcon.colcon_core.shell:Creating prefix script '/home/aa274/autonomy_ws/src/aa274sections/install/local_setup.ps1'
[2.562s] INFO:colcon.colcon_core.shell:Creating prefix util module '/home/aa274/autonomy_ws/src/aa274sections/install/_local_setup_util_ps1.py'
[2.566s] INFO:colcon.colcon_core.shell:Creating prefix chain script '/home/aa274/autonomy_ws/src/aa274sections/install/setup.ps1'
[2.574s] INFO:colcon.colcon_core.shell:Creating prefix script '/home/aa274/autonomy_ws/src/aa274sections/install/local_setup.sh'
[2.575s] INFO:colcon.colcon_core.shell:Creating prefix util module '/home/aa274/autonomy_ws/src/aa274sections/install/_local_setup_util_sh.py'
[2.577s] INFO:colcon.colcon_core.shell:Creating prefix chain script '/home/aa274/autonomy_ws/src/aa274sections/install/setup.sh'
[2.582s] INFO:colcon.colcon_core.shell:Creating prefix script '/home/aa274/autonomy_ws/src/aa274sections/install/local_setup.bash'
[2.585s] INFO:colcon.colcon_core.shell:Creating prefix chain script '/home/aa274/autonomy_ws/src/aa274sections/install/setup.bash'
[2.593s] INFO:colcon.colcon_core.shell:Creating prefix script '/home/aa274/autonomy_ws/src/aa274sections/install/local_setup.zsh'
[2.597s] INFO:colcon.colcon_core.shell:Creating prefix chain script '/home/aa274/autonomy_ws/src/aa274sections/install/setup.zsh'
