[0.016s] Invoking command in '/home/aa274/autonomy_ws/src/aa274sections/build/s2_basic': CMAKE_PREFIX_PATH=${CMAKE_PREFIX_PATH}:/opt/ros/humble /usr/bin/cmake --build /home/aa274/autonomy_ws/src/aa274sections/build/s2_basic -- -j8 -l8
[0.060s] -- Found ament_cmake: 1.3.10 (/opt/ros/humble/share/ament_cmake/cmake)
[0.203s] -- Override CMake install command with custom implementation using symlinks instead of copying resources
[0.219s] -- Found ament_lint_auto: 0.12.11 (/opt/ros/humble/share/ament_lint_auto/cmake)
[0.301s] -- Added test 'flake8' to check Python code syntax and style conventions
[0.301s] -- Added test 'lint_cmake' to check CMake code style
[0.302s] -- Added test 'pep257' to check Python code against some of the docstring style conventions in PEP 257
[0.303s] -- Added test 'xmllint' to check XML markup files
[0.304s] -- Configuring done
[0.307s] -- Generating done
[0.308s] -- Build files have been written to: /home/aa274/autonomy_ws/src/aa274sections/build/s2_basic
[0.333s] Invoked command in '/home/aa274/autonomy_ws/src/aa274sections/build/s2_basic' returned '0': CMAKE_PREFIX_PATH=${CMAKE_PREFIX_PATH}:/opt/ros/humble /usr/bin/cmake --build /home/aa274/autonomy_ws/src/aa274sections/build/s2_basic -- -j8 -l8
[0.361s] Invoking command in '/home/aa274/autonomy_ws/src/aa274sections/build/s2_basic': CMAKE_PREFIX_PATH=${CMAKE_PREFIX_PATH}:/opt/ros/humble /usr/bin/cmake --install /home/aa274/autonomy_ws/src/aa274sections/build/s2_basic
[0.367s] -- Install configuration: "RelWithDebInfo"
[0.368s] -- Execute custom install script
[0.368s] -- Up-to-date symlink: /home/aa274/autonomy_ws/src/aa274sections/install/s2_basic/lib/s2_basic/constant_control.py
[0.368s] -- Up-to-date symlink: /home/aa274/autonomy_ws/src/aa274sections/install/s2_basic/share/ament_index/resource_index/package_run_dependencies/s2_basic
[0.368s] -- Up-to-date symlink: /home/aa274/autonomy_ws/src/aa274sections/install/s2_basic/share/ament_index/resource_index/parent_prefix_path/s2_basic
[0.369s] -- Up-to-date symlink: /home/aa274/autonomy_ws/src/aa274sections/install/s2_basic/share/s2_basic/environment/ament_prefix_path.sh
[0.369s] -- Up-to-date symlink: /home/aa274/autonomy_ws/src/aa274sections/install/s2_basic/share/s2_basic/environment/ament_prefix_path.dsv
[0.369s] -- Up-to-date symlink: /home/aa274/autonomy_ws/src/aa274sections/install/s2_basic/share/s2_basic/environment/path.sh
[0.369s] -- Up-to-date symlink: /home/aa274/autonomy_ws/src/aa274sections/install/s2_basic/share/s2_basic/environment/path.dsv
[0.369s] -- Up-to-date symlink: /home/aa274/autonomy_ws/src/aa274sections/install/s2_basic/share/s2_basic/local_setup.bash
[0.369s] -- Up-to-date symlink: /home/aa274/autonomy_ws/src/aa274sections/install/s2_basic/share/s2_basic/local_setup.sh
[0.370s] -- Up-to-date symlink: /home/aa274/autonomy_ws/src/aa274sections/install/s2_basic/share/s2_basic/local_setup.zsh
[0.370s] -- Up-to-date symlink: /home/aa274/autonomy_ws/src/aa274sections/install/s2_basic/share/s2_basic/local_setup.dsv
[0.370s] -- Symlinking: /home/aa274/autonomy_ws/src/aa274sections/install/s2_basic/share/s2_basic/package.dsv
[0.378s] -- Up-to-date symlink: /home/aa274/autonomy_ws/src/aa274sections/install/s2_basic/share/ament_index/resource_index/packages/s2_basic
[0.378s] -- Up-to-date symlink: /home/aa274/autonomy_ws/src/aa274sections/install/s2_basic/share/s2_basic/cmake/s2_basicConfig.cmake
[0.378s] -- Up-to-date symlink: /home/aa274/autonomy_ws/src/aa274sections/install/s2_basic/share/s2_basic/cmake/s2_basicConfig-version.cmake
[0.379s] -- Up-to-date symlink: /home/aa274/autonomy_ws/src/aa274sections/install/s2_basic/share/s2_basic/package.xml
[0.381s] Invoked command in '/home/aa274/autonomy_ws/src/aa274sections/build/s2_basic' returned '0': CMAKE_PREFIX_PATH=${CMAKE_PREFIX_PATH}:/opt/ros/humble /usr/bin/cmake --install /home/aa274/autonomy_ws/src/aa274sections/build/s2_basic
