[0.019s] Invoking command in '/home/aa274/autonomy_ws/src/aa274sections/build/autonomy_repo': CMAKE_PREFIX_PATH=${CMAKE_PREFIX_PATH}:/opt/ros/humble /usr/bin/cmake /home/aa274/autonomy_ws/src/aa274sections/autonomy_repo -DCMAKE_EXPORT_COMPILE_COMMANDS=ON -DCMAKE_BUILD_TYPE=RelWithDebInfo -DAMENT_CMAKE_SYMLINK_INSTALL=1 -DCMAKE_INSTALL_PREFIX=/home/aa274/autonomy_ws/src/aa274sections/install/autonomy_repo
[0.149s] -- The C compiler identification is GNU 11.4.0
[0.253s] -- The CXX compiler identification is GNU 11.4.0
[0.263s] -- Detecting C compiler ABI info
[0.337s] -- Detecting C compiler ABI info - done
[0.354s] -- Check for working C compiler: /usr/bin/cc - skipped
[0.354s] -- Detecting C compile features
[0.355s] -- Detecting C compile features - done
[0.360s] -- Detecting CXX compiler ABI info
[0.444s] -- Detecting CXX compiler ABI info - done
[0.461s] -- Check for working CXX compiler: /usr/bin/c++ - skipped
[0.461s] -- Detecting CXX compile features
[0.462s] -- Detecting CXX compile features - done
[0.466s] -- Found ament_cmake: 1.3.10 (/opt/ros/humble/share/ament_cmake/cmake)
[0.630s] -- Found Python3: /usr/bin/python3 (found version "3.10.12") found components: Interpreter 
[0.694s] -- Override CMake install command with custom implementation using symlinks instead of copying resources
[0.730s] -- Found ament_lint_auto: 0.12.11 (/opt/ros/humble/share/ament_lint_auto/cmake)
[0.815s] -- Added test 'flake8' to check Python code syntax and style conventions
[0.816s] -- Added test 'lint_cmake' to check CMake code style
[0.817s] -- Added test 'pep257' to check Python code against some of the docstring style conventions in PEP 257
[0.819s] -- Added test 'xmllint' to check XML markup files
[0.821s] -- Configuring done
[0.823s] -- Generating done
[0.824s] [33mCMake Warning:
[0.824s]   Manually-specified variables were not used by the project:
[0.824s] 
[0.824s]     CMAKE_EXPORT_COMPILE_COMMANDS
[0.824s] 
[0.825s] [0m
[0.825s] -- Build files have been written to: /home/aa274/autonomy_ws/src/aa274sections/build/autonomy_repo
[0.832s] Invoked command in '/home/aa274/autonomy_ws/src/aa274sections/build/autonomy_repo' returned '0': CMAKE_PREFIX_PATH=${CMAKE_PREFIX_PATH}:/opt/ros/humble /usr/bin/cmake /home/aa274/autonomy_ws/src/aa274sections/autonomy_repo -DCMAKE_EXPORT_COMPILE_COMMANDS=ON -DCMAKE_BUILD_TYPE=RelWithDebInfo -DAMENT_CMAKE_SYMLINK_INSTALL=1 -DCMAKE_INSTALL_PREFIX=/home/aa274/autonomy_ws/src/aa274sections/install/autonomy_repo
[0.834s] Invoking command in '/home/aa274/autonomy_ws/src/aa274sections/build/autonomy_repo': CMAKE_PREFIX_PATH=${CMAKE_PREFIX_PATH}:/opt/ros/humble /usr/bin/cmake --build /home/aa274/autonomy_ws/src/aa274sections/build/autonomy_repo -- -j8 -l8
[0.865s] Invoked command in '/home/aa274/autonomy_ws/src/aa274sections/build/autonomy_repo' returned '0': CMAKE_PREFIX_PATH=${CMAKE_PREFIX_PATH}:/opt/ros/humble /usr/bin/cmake --build /home/aa274/autonomy_ws/src/aa274sections/build/autonomy_repo -- -j8 -l8
[0.882s] Invoking command in '/home/aa274/autonomy_ws/src/aa274sections/build/autonomy_repo': CMAKE_PREFIX_PATH=${CMAKE_PREFIX_PATH}:/opt/ros/humble /usr/bin/cmake --install /home/aa274/autonomy_ws/src/aa274sections/build/autonomy_repo
[0.890s] -- Install configuration: "RelWithDebInfo"
[0.890s] -- Execute custom install script
[0.891s] -- Symlinking: /home/aa274/autonomy_ws/src/aa274sections/install/autonomy_repo/lib/autonomy_repo/heading_controller.py
[0.898s] -- Symlinking: /home/aa274/autonomy_ws/src/aa274sections/install/autonomy_repo/lib/autonomy_repo/p3_plot.py
[0.905s] -- Symlinking: /home/aa274/autonomy_ws/src/aa274sections/install/autonomy_repo/lib/autonomy_repo/navigator.py
[0.913s] -- Symlinking: /home/aa274/autonomy_ws/src/aa274sections/install/autonomy_repo/lib/autonomy_repo/perception_controller.py
[0.921s] -- Symlinking: /home/aa274/autonomy_ws/src/aa274sections/install/autonomy_repo/share/autonomy_repo/launch/explorer.launch.py
[0.929s] -- Symlinking: /home/aa274/autonomy_ws/src/aa274sections/install/autonomy_repo/share/autonomy_repo/launch/heading_control.launch.py
[0.938s] -- Symlinking: /home/aa274/autonomy_ws/src/aa274sections/install/autonomy_repo/share/autonomy_repo/launch/navigator.launch.py
[0.946s] -- Symlinking: /home/aa274/autonomy_ws/src/aa274sections/install/autonomy_repo/share/autonomy_repo/launch/perception_controller.launch.py
[0.954s] -- Symlinking: /home/aa274/autonomy_ws/src/aa274sections/install/autonomy_repo/share/autonomy_repo/rviz/default.rviz
[0.962s] -- Symlinking: /home/aa274/autonomy_ws/src/aa274sections/install/autonomy_repo/share/ament_index/resource_index/package_run_dependencies/autonomy_repo
[0.970s] -- Symlinking: /home/aa274/autonomy_ws/src/aa274sections/install/autonomy_repo/share/ament_index/resource_index/parent_prefix_path/autonomy_repo
[0.977s] -- Symlinking: /home/aa274/autonomy_ws/src/aa274sections/install/autonomy_repo/share/autonomy_repo/environment/ament_prefix_path.sh
[0.984s] -- Symlinking: /home/aa274/autonomy_ws/src/aa274sections/install/autonomy_repo/share/autonomy_repo/environment/ament_prefix_path.dsv
[0.993s] -- Symlinking: /home/aa274/autonomy_ws/src/aa274sections/install/autonomy_repo/share/autonomy_repo/environment/path.sh
[1.002s] -- Symlinking: /home/aa274/autonomy_ws/src/aa274sections/install/autonomy_repo/share/autonomy_repo/environment/path.dsv
[1.009s] -- Symlinking: /home/aa274/autonomy_ws/src/aa274sections/install/autonomy_repo/share/autonomy_repo/local_setup.bash
[1.017s] -- Symlinking: /home/aa274/autonomy_ws/src/aa274sections/install/autonomy_repo/share/autonomy_repo/local_setup.sh
[1.025s] -- Symlinking: /home/aa274/autonomy_ws/src/aa274sections/install/autonomy_repo/share/autonomy_repo/local_setup.zsh
[1.034s] -- Symlinking: /home/aa274/autonomy_ws/src/aa274sections/install/autonomy_repo/share/autonomy_repo/local_setup.dsv
[1.042s] -- Symlinking: /home/aa274/autonomy_ws/src/aa274sections/install/autonomy_repo/share/autonomy_repo/package.dsv
[1.050s] -- Symlinking: /home/aa274/autonomy_ws/src/aa274sections/install/autonomy_repo/share/ament_index/resource_index/packages/autonomy_repo
[1.057s] -- Symlinking: /home/aa274/autonomy_ws/src/aa274sections/install/autonomy_repo/share/autonomy_repo/cmake/autonomy_repoConfig.cmake
[1.064s] -- Symlinking: /home/aa274/autonomy_ws/src/aa274sections/install/autonomy_repo/share/autonomy_repo/cmake/autonomy_repoConfig-version.cmake
[1.072s] -- Symlinking: /home/aa274/autonomy_ws/src/aa274sections/install/autonomy_repo/share/autonomy_repo/package.xml
[1.081s] Invoked command in '/home/aa274/autonomy_ws/src/aa274sections/build/autonomy_repo' returned '0': CMAKE_PREFIX_PATH=${CMAKE_PREFIX_PATH}:/opt/ros/humble /usr/bin/cmake --install /home/aa274/autonomy_ws/src/aa274sections/build/autonomy_repo
