[0.112s] DEBUG:colcon:Command line arguments: ['/usr/bin/colcon', 'build', '--symlink-install']
[0.112s] DEBUG:colcon:Parsed command line arguments: Namespace(log_base=None, log_level=None, verb_name='build', build_base='build', install_base='install', merge_install=False, symlink_install=True, test_result_base=None, continue_on_error=False, executor='parallel', parallel_workers=8, event_handlers=None, ignore_user_meta=False, metas=['./colcon.meta'], base_paths=['.'], packages_ignore=None, packages_ignore_regex=None, paths=None, packages_up_to=None, packages_up_to_regex=None, packages_above=None, packages_above_and_dependencies=None, packages_above_depth=None, packages_select_by_dep=None, packages_skip_by_dep=None, packages_skip_up_to=None, packages_select_build_failed=False, packages_skip_build_finished=False, packages_select_test_failures=False, packages_skip_test_passed=False, packages_select=None, packages_skip=None, packages_select_regex=None, packages_skip_regex=None, packages_start=None, packages_end=None, allow_overriding=[], cmake_args=['-DCMAKE_EXPORT_COMPILE_COMMANDS=ON', '-DCMAKE_BUILD_TYPE=RelWithDebInfo'], cmake_target=None, cmake_target_skip_unavailable=False, cmake_clean_cache=False, cmake_clean_first=False, cmake_force_configure=False, ament_cmake_args=None, catkin_cmake_args=None, catkin_skip_building_tests=False, mixin_files=None, mixin=None, verb_parser=<colcon_mixin.mixin.mixin_argument.MixinArgumentDecorator object at 0x7af9ca502500>, verb_extension=<colcon_core.verb.build.BuildVerb object at 0x7af9ca501e70>, main=<bound method BuildVerb.main of <colcon_core.verb.build.BuildVerb object at 0x7af9ca501e70>>, mixin_verb=('build',))
[0.296s] Level 1:colcon.colcon_core.package_discovery:discover_packages(colcon_meta) check parameters
[0.296s] Level 1:colcon.colcon_core.package_discovery:discover_packages(recursive) check parameters
[0.296s] Level 1:colcon.colcon_core.package_discovery:discover_packages(ignore) check parameters
[0.296s] Level 1:colcon.colcon_core.package_discovery:discover_packages(path) check parameters
[0.296s] Level 1:colcon.colcon_core.package_discovery:discover_packages(colcon_meta) discover
[0.296s] Level 1:colcon.colcon_core.package_discovery:discover_packages(recursive) discover
[0.296s] INFO:colcon.colcon_core.package_discovery:Crawling recursively for packages in '/home/aa274/autonomy_ws/src/aa274sections'
[0.296s] Level 1:colcon.colcon_core.package_identification:_identify(.) by extensions ['ignore', 'ignore_ament_install']
[0.296s] Level 1:colcon.colcon_core.package_identification:_identify(.) by extension 'ignore'
[0.296s] Level 1:colcon.colcon_core.package_identification:_identify(.) by extension 'ignore_ament_install'
[0.296s] Level 1:colcon.colcon_core.package_identification:_identify(.) by extensions ['colcon_pkg']
[0.296s] Level 1:colcon.colcon_core.package_identification:_identify(.) by extension 'colcon_pkg'
[0.296s] Level 1:colcon.colcon_core.package_identification:_identify(.) by extensions ['colcon_meta']
[0.296s] Level 1:colcon.colcon_core.package_identification:_identify(.) by extension 'colcon_meta'
[0.296s] Level 1:colcon.colcon_core.package_identification:_identify(.) by extensions ['ros']
[0.296s] Level 1:colcon.colcon_core.package_identification:_identify(.) by extension 'ros'
[0.307s] Level 1:colcon.colcon_core.package_identification:_identify(.) by extensions ['cmake', 'python']
[0.307s] Level 1:colcon.colcon_core.package_identification:_identify(.) by extension 'cmake'
[0.307s] Level 1:colcon.colcon_core.package_identification:_identify(.) by extension 'python'
[0.307s] Level 1:colcon.colcon_core.package_identification:_identify(.) by extensions ['python_setup_py']
[0.307s] Level 1:colcon.colcon_core.package_identification:_identify(.) by extension 'python_setup_py'
[0.307s] Level 1:colcon.colcon_core.package_identification:_identify(autonomy_repo) by extensions ['ignore', 'ignore_ament_install']
[0.307s] Level 1:colcon.colcon_core.package_identification:_identify(autonomy_repo) by extension 'ignore'
[0.308s] Level 1:colcon.colcon_core.package_identification:_identify(autonomy_repo) by extension 'ignore_ament_install'
[0.308s] Level 1:colcon.colcon_core.package_identification:_identify(autonomy_repo) by extensions ['colcon_pkg']
[0.308s] Level 1:colcon.colcon_core.package_identification:_identify(autonomy_repo) by extension 'colcon_pkg'
[0.308s] Level 1:colcon.colcon_core.package_identification:_identify(autonomy_repo) by extensions ['colcon_meta']
[0.308s] Level 1:colcon.colcon_core.package_identification:_identify(autonomy_repo) by extension 'colcon_meta'
[0.308s] Level 1:colcon.colcon_core.package_identification:_identify(autonomy_repo) by extensions ['ros']
[0.308s] Level 1:colcon.colcon_core.package_identification:_identify(autonomy_repo) by extension 'ros'
[0.311s] DEBUG:colcon.colcon_core.package_identification:Package 'autonomy_repo' with type 'ros.ament_cmake' and name 'autonomy_repo'
[0.311s] Level 1:colcon.colcon_core.package_identification:_identify(build) by extensions ['ignore', 'ignore_ament_install']
[0.311s] Level 1:colcon.colcon_core.package_identification:_identify(build) by extension 'ignore'
[0.311s] Level 1:colcon.colcon_core.package_identification:_identify(build) ignored
[0.311s] Level 1:colcon.colcon_core.package_identification:_identify(install) by extensions ['ignore', 'ignore_ament_install']
[0.311s] Level 1:colcon.colcon_core.package_identification:_identify(install) by extension 'ignore'
[0.311s] Level 1:colcon.colcon_core.package_identification:_identify(install) ignored
[0.311s] Level 1:colcon.colcon_core.package_identification:_identify(log) by extensions ['ignore', 'ignore_ament_install']
[0.311s] Level 1:colcon.colcon_core.package_identification:_identify(log) by extension 'ignore'
[0.311s] Level 1:colcon.colcon_core.package_identification:_identify(log) ignored
[0.312s] Level 1:colcon.colcon_core.package_identification:_identify(s2_basic) by extensions ['ignore', 'ignore_ament_install']
[0.312s] Level 1:colcon.colcon_core.package_identification:_identify(s2_basic) by extension 'ignore'
[0.312s] Level 1:colcon.colcon_core.package_identification:_identify(s2_basic) by extension 'ignore_ament_install'
[0.312s] Level 1:colcon.colcon_core.package_identification:_identify(s2_basic) by extensions ['colcon_pkg']
[0.312s] Level 1:colcon.colcon_core.package_identification:_identify(s2_basic) by extension 'colcon_pkg'
[0.312s] Level 1:colcon.colcon_core.package_identification:_identify(s2_basic) by extensions ['colcon_meta']
[0.312s] Level 1:colcon.colcon_core.package_identification:_identify(s2_basic) by extension 'colcon_meta'
[0.312s] Level 1:colcon.colcon_core.package_identification:_identify(s2_basic) by extensions ['ros']
[0.312s] Level 1:colcon.colcon_core.package_identification:_identify(s2_basic) by extension 'ros'
[0.313s] DEBUG:colcon.colcon_core.package_identification:Package 's2_basic' with type 'ros.ament_cmake' and name 's2_basic'
[0.313s] Level 1:colcon.colcon_core.package_identification:_identify(s3_basic) by extensions ['ignore', 'ignore_ament_install']
[0.313s] Level 1:colcon.colcon_core.package_identification:_identify(s3_basic) by extension 'ignore'
[0.313s] Level 1:colcon.colcon_core.package_identification:_identify(s3_basic) by extension 'ignore_ament_install'
[0.313s] Level 1:colcon.colcon_core.package_identification:_identify(s3_basic) by extensions ['colcon_pkg']
[0.313s] Level 1:colcon.colcon_core.package_identification:_identify(s3_basic) by extension 'colcon_pkg'
[0.313s] Level 1:colcon.colcon_core.package_identification:_identify(s3_basic) by extensions ['colcon_meta']
[0.313s] Level 1:colcon.colcon_core.package_identification:_identify(s3_basic) by extension 'colcon_meta'
[0.313s] Level 1:colcon.colcon_core.package_identification:_identify(s3_basic) by extensions ['ros']
[0.313s] Level 1:colcon.colcon_core.package_identification:_identify(s3_basic) by extension 'ros'
[0.314s] DEBUG:colcon.colcon_core.package_identification:Package 's3_basic' with type 'ros.ament_cmake' and name 's3_basic'
[0.314s] Level 1:colcon.colcon_core.package_discovery:discover_packages(recursive) using defaults
[0.314s] Level 1:colcon.colcon_core.package_discovery:discover_packages(ignore) discover
[0.314s] Level 1:colcon.colcon_core.package_discovery:discover_packages(ignore) using defaults
[0.314s] Level 1:colcon.colcon_core.package_discovery:discover_packages(path) discover
[0.314s] Level 1:colcon.colcon_core.package_discovery:discover_packages(path) using defaults
[0.347s] Level 1:colcon.colcon_core.package_discovery:discover_packages(prefix_path) check parameters
[0.347s] Level 1:colcon.colcon_core.package_discovery:discover_packages(prefix_path) discover
[0.350s] DEBUG:colcon.colcon_installed_package_information.package_discovery:Found 3 installed packages in /home/aa274/autonomy_ws/install
[0.351s] DEBUG:colcon.colcon_installed_package_information.package_discovery:Found 18 installed packages in /home/aa274/tb_ws/install
[0.352s] DEBUG:colcon.colcon_installed_package_information.package_discovery:Found 3 installed packages in /home/aa274/autonomy_ws/src/aa274sections/install
[0.353s] DEBUG:colcon.colcon_installed_package_information.package_discovery:Found 240 installed packages in /opt/ros/humble
[0.354s] Level 1:colcon.colcon_core.package_discovery:discover_packages(prefix_path) using defaults
[0.386s] Level 5:colcon.colcon_core.verb:set package 'autonomy_repo' build argument 'cmake_args' from command line to '['-DCMAKE_EXPORT_COMPILE_COMMANDS=ON', '-DCMAKE_BUILD_TYPE=RelWithDebInfo']'
[0.386s] Level 5:colcon.colcon_core.verb:set package 'autonomy_repo' build argument 'cmake_target' from command line to 'None'
[0.387s] Level 5:colcon.colcon_core.verb:set package 'autonomy_repo' build argument 'cmake_target_skip_unavailable' from command line to 'False'
[0.387s] Level 5:colcon.colcon_core.verb:set package 'autonomy_repo' build argument 'cmake_clean_cache' from command line to 'False'
[0.387s] Level 5:colcon.colcon_core.verb:set package 'autonomy_repo' build argument 'cmake_clean_first' from command line to 'False'
[0.387s] Level 5:colcon.colcon_core.verb:set package 'autonomy_repo' build argument 'cmake_force_configure' from command line to 'False'
[0.387s] Level 5:colcon.colcon_core.verb:set package 'autonomy_repo' build argument 'ament_cmake_args' from command line to 'None'
[0.387s] Level 5:colcon.colcon_core.verb:set package 'autonomy_repo' build argument 'catkin_cmake_args' from command line to 'None'
[0.387s] Level 5:colcon.colcon_core.verb:set package 'autonomy_repo' build argument 'catkin_skip_building_tests' from command line to 'False'
[0.387s] DEBUG:colcon.colcon_core.verb:Building package 'autonomy_repo' with the following arguments: {'ament_cmake_args': None, 'build_base': '/home/aa274/autonomy_ws/src/aa274sections/build/autonomy_repo', 'catkin_cmake_args': None, 'catkin_skip_building_tests': False, 'cmake_args': ['-DCMAKE_EXPORT_COMPILE_COMMANDS=ON', '-DCMAKE_BUILD_TYPE=RelWithDebInfo'], 'cmake_clean_cache': False, 'cmake_clean_first': False, 'cmake_force_configure': False, 'cmake_target': None, 'cmake_target_skip_unavailable': False, 'install_base': '/home/aa274/autonomy_ws/src/aa274sections/install/autonomy_repo', 'merge_install': False, 'path': '/home/aa274/autonomy_ws/src/aa274sections/autonomy_repo', 'symlink_install': True, 'test_result_base': None}
[0.387s] Level 5:colcon.colcon_core.verb:set package 's2_basic' build argument 'cmake_args' from command line to '['-DCMAKE_EXPORT_COMPILE_COMMANDS=ON', '-DCMAKE_BUILD_TYPE=RelWithDebInfo']'
[0.387s] Level 5:colcon.colcon_core.verb:set package 's2_basic' build argument 'cmake_target' from command line to 'None'
[0.387s] Level 5:colcon.colcon_core.verb:set package 's2_basic' build argument 'cmake_target_skip_unavailable' from command line to 'False'
[0.387s] Level 5:colcon.colcon_core.verb:set package 's2_basic' build argument 'cmake_clean_cache' from command line to 'False'
[0.387s] Level 5:colcon.colcon_core.verb:set package 's2_basic' build argument 'cmake_clean_first' from command line to 'False'
[0.387s] Level 5:colcon.colcon_core.verb:set package 's2_basic' build argument 'cmake_force_configure' from command line to 'False'
[0.387s] Level 5:colcon.colcon_core.verb:set package 's2_basic' build argument 'ament_cmake_args' from command line to 'None'
[0.387s] Level 5:colcon.colcon_core.verb:set package 's2_basic' build argument 'catkin_cmake_args' from command line to 'None'
[0.387s] Level 5:colcon.colcon_core.verb:set package 's2_basic' build argument 'catkin_skip_building_tests' from command line to 'False'
[0.387s] DEBUG:colcon.colcon_core.verb:Building package 's2_basic' with the following arguments: {'ament_cmake_args': None, 'build_base': '/home/aa274/autonomy_ws/src/aa274sections/build/s2_basic', 'catkin_cmake_args': None, 'catkin_skip_building_tests': False, 'cmake_args': ['-DCMAKE_EXPORT_COMPILE_COMMANDS=ON', '-DCMAKE_BUILD_TYPE=RelWithDebInfo'], 'cmake_clean_cache': False, 'cmake_clean_first': False, 'cmake_force_configure': False, 'cmake_target': None, 'cmake_target_skip_unavailable': False, 'install_base': '/home/aa274/autonomy_ws/src/aa274sections/install/s2_basic', 'merge_install': False, 'path': '/home/aa274/autonomy_ws/src/aa274sections/s2_basic', 'symlink_install': True, 'test_result_base': None}
[0.388s] Level 5:colcon.colcon_core.verb:set package 's3_basic' build argument 'cmake_args' from command line to '['-DCMAKE_EXPORT_COMPILE_COMMANDS=ON', '-DCMAKE_BUILD_TYPE=RelWithDebInfo']'
[0.388s] Level 5:colcon.colcon_core.verb:set package 's3_basic' build argument 'cmake_target' from command line to 'None'
[0.388s] Level 5:colcon.colcon_core.verb:set package 's3_basic' build argument 'cmake_target_skip_unavailable' from command line to 'False'
[0.388s] Level 5:colcon.colcon_core.verb:set package 's3_basic' build argument 'cmake_clean_cache' from command line to 'False'
[0.388s] Level 5:colcon.colcon_core.verb:set package 's3_basic' build argument 'cmake_clean_first' from command line to 'False'
[0.388s] Level 5:colcon.colcon_core.verb:set package 's3_basic' build argument 'cmake_force_configure' from command line to 'False'
[0.388s] Level 5:colcon.colcon_core.verb:set package 's3_basic' build argument 'ament_cmake_args' from command line to 'None'
[0.388s] Level 5:colcon.colcon_core.verb:set package 's3_basic' build argument 'catkin_cmake_args' from command line to 'None'
[0.388s] Level 5:colcon.colcon_core.verb:set package 's3_basic' build argument 'catkin_skip_building_tests' from command line to 'False'
[0.388s] DEBUG:colcon.colcon_core.verb:Building package 's3_basic' with the following arguments: {'ament_cmake_args': None, 'build_base': '/home/aa274/autonomy_ws/src/aa274sections/build/s3_basic', 'catkin_cmake_args': None, 'catkin_skip_building_tests': False, 'cmake_args': ['-DCMAKE_EXPORT_COMPILE_COMMANDS=ON', '-DCMAKE_BUILD_TYPE=RelWithDebInfo'], 'cmake_clean_cache': False, 'cmake_clean_first': False, 'cmake_force_configure': False, 'cmake_target': None, 'cmake_target_skip_unavailable': False, 'install_base': '/home/aa274/autonomy_ws/src/aa274sections/install/s3_basic', 'merge_install': False, 'path': '/home/aa274/autonomy_ws/src/aa274sections/s3_basic', 'symlink_install': True, 'test_result_base': None}
[0.388s] INFO:colcon.colcon_core.executor:Executing jobs using 'parallel' executor
[0.389s] DEBUG:colcon.colcon_parallel_executor.executor.parallel:run_until_complete
[0.389s] INFO:colcon.colcon_ros.task.ament_cmake.build:Building ROS package in '/home/aa274/autonomy_ws/src/aa274sections/autonomy_repo' with build type 'ament_cmake'
[0.390s] INFO:colcon.colcon_cmake.task.cmake.build:Building CMake package in '/home/aa274/autonomy_ws/src/aa274sections/autonomy_repo'
[0.392s] INFO:colcon.colcon_core.plugin_system:Skipping extension 'colcon_core.shell.bat': Not used on non-Windows systems
[0.392s] INFO:colcon.colcon_core.shell:Skip shell extension 'powershell' for command environment: Not usable outside of PowerShell
[0.392s] DEBUG:colcon.colcon_core.shell:Skip shell extension 'dsv' for command environment
[0.397s] INFO:colcon.colcon_ros.task.ament_cmake.build:Building ROS package in '/home/aa274/autonomy_ws/src/aa274sections/s2_basic' with build type 'ament_cmake'
[0.397s] INFO:colcon.colcon_cmake.task.cmake.build:Building CMake package in '/home/aa274/autonomy_ws/src/aa274sections/s2_basic'
[0.398s] INFO:colcon.colcon_core.shell:Skip shell extension 'powershell' for command environment: Not usable outside of PowerShell
[0.398s] DEBUG:colcon.colcon_core.shell:Skip shell extension 'dsv' for command environment
[0.402s] INFO:colcon.colcon_ros.task.ament_cmake.build:Building ROS package in '/home/aa274/autonomy_ws/src/aa274sections/s3_basic' with build type 'ament_cmake'
[0.403s] INFO:colcon.colcon_cmake.task.cmake.build:Building CMake package in '/home/aa274/autonomy_ws/src/aa274sections/s3_basic'
[0.403s] INFO:colcon.colcon_core.shell:Skip shell extension 'powershell' for command environment: Not usable outside of PowerShell
[0.403s] DEBUG:colcon.colcon_core.shell:Skip shell extension 'dsv' for command environment
[0.414s] DEBUG:colcon.colcon_core.event_handler.log_command:Invoking command in '/home/aa274/autonomy_ws/src/aa274sections/build/autonomy_repo': CMAKE_PREFIX_PATH=${CMAKE_PREFIX_PATH}:/opt/ros/humble /usr/bin/cmake --build /home/aa274/autonomy_ws/src/aa274sections/build/autonomy_repo -- -j8 -l8
[0.417s] DEBUG:colcon.colcon_core.event_handler.log_command:Invoking command in '/home/aa274/autonomy_ws/src/aa274sections/build/s2_basic': CMAKE_PREFIX_PATH=${CMAKE_PREFIX_PATH}:/opt/ros/humble /usr/bin/cmake --build /home/aa274/autonomy_ws/src/aa274sections/build/s2_basic -- -j8 -l8
[0.435s] DEBUG:colcon.colcon_core.event_handler.log_command:Invoking command in '/home/aa274/autonomy_ws/src/aa274sections/build/s3_basic': CMAKE_PREFIX_PATH=${CMAKE_PREFIX_PATH}:/opt/ros/humble /usr/bin/cmake --build /home/aa274/autonomy_ws/src/aa274sections/build/s3_basic -- -j8 -l8
[0.457s] DEBUG:colcon.colcon_core.event_handler.log_command:Invoked command in '/home/aa274/autonomy_ws/src/aa274sections/build/autonomy_repo' returned '0': CMAKE_PREFIX_PATH=${CMAKE_PREFIX_PATH}:/opt/ros/humble /usr/bin/cmake --build /home/aa274/autonomy_ws/src/aa274sections/build/autonomy_repo -- -j8 -l8
[0.460s] DEBUG:colcon.colcon_core.event_handler.log_command:Invoked command in '/home/aa274/autonomy_ws/src/aa274sections/build/s2_basic' returned '0': CMAKE_PREFIX_PATH=${CMAKE_PREFIX_PATH}:/opt/ros/humble /usr/bin/cmake --build /home/aa274/autonomy_ws/src/aa274sections/build/s2_basic -- -j8 -l8
[0.474s] DEBUG:colcon.colcon_core.event_handler.log_command:Invoked command in '/home/aa274/autonomy_ws/src/aa274sections/build/s3_basic' returned '0': CMAKE_PREFIX_PATH=${CMAKE_PREFIX_PATH}:/opt/ros/humble /usr/bin/cmake --build /home/aa274/autonomy_ws/src/aa274sections/build/s3_basic -- -j8 -l8
[0.485s] DEBUG:colcon.colcon_core.event_handler.log_command:Invoking command in '/home/aa274/autonomy_ws/src/aa274sections/build/autonomy_repo': CMAKE_PREFIX_PATH=${CMAKE_PREFIX_PATH}:/opt/ros/humble /usr/bin/cmake --install /home/aa274/autonomy_ws/src/aa274sections/build/autonomy_repo
[0.488s] DEBUG:colcon.colcon_core.event_handler.log_command:Invoking command in '/home/aa274/autonomy_ws/src/aa274sections/build/s2_basic': CMAKE_PREFIX_PATH=${CMAKE_PREFIX_PATH}:/opt/ros/humble /usr/bin/cmake --install /home/aa274/autonomy_ws/src/aa274sections/build/s2_basic
[0.498s] DEBUG:colcon.colcon_core.event_handler.log_command:Invoking command in '/home/aa274/autonomy_ws/src/aa274sections/build/s3_basic': CMAKE_PREFIX_PATH=${CMAKE_PREFIX_PATH}:/opt/ros/humble /usr/bin/cmake --install /home/aa274/autonomy_ws/src/aa274sections/build/s3_basic
[0.515s] Level 1:colcon.colcon_core.environment:create_environment_scripts_only(s2_basic)
[0.516s] DEBUG:colcon.colcon_core.event_handler.log_command:Invoked command in '/home/aa274/autonomy_ws/src/aa274sections/build/s2_basic' returned '0': CMAKE_PREFIX_PATH=${CMAKE_PREFIX_PATH}:/opt/ros/humble /usr/bin/cmake --install /home/aa274/autonomy_ws/src/aa274sections/build/s2_basic
[0.518s] Level 1:colcon.colcon_core.environment:checking '/home/aa274/autonomy_ws/src/aa274sections/install/s2_basic' for CMake module files
[0.519s] Level 1:colcon.colcon_core.environment:checking '/home/aa274/autonomy_ws/src/aa274sections/install/s2_basic' for CMake config files
[0.519s] Level 1:colcon.colcon_core.shell:create_environment_hook('s2_basic', 'cmake_prefix_path')
[0.519s] INFO:colcon.colcon_core.shell:Creating environment hook '/home/aa274/autonomy_ws/src/aa274sections/install/s2_basic/share/s2_basic/hook/cmake_prefix_path.ps1'
[0.520s] INFO:colcon.colcon_core.shell:Creating environment descriptor '/home/aa274/autonomy_ws/src/aa274sections/install/s2_basic/share/s2_basic/hook/cmake_prefix_path.dsv'
[0.520s] INFO:colcon.colcon_core.shell:Creating environment hook '/home/aa274/autonomy_ws/src/aa274sections/install/s2_basic/share/s2_basic/hook/cmake_prefix_path.sh'
[0.521s] Level 1:colcon.colcon_core.environment:checking '/home/aa274/autonomy_ws/src/aa274sections/install/s2_basic/lib'
[0.521s] Level 1:colcon.colcon_core.environment:checking '/home/aa274/autonomy_ws/src/aa274sections/install/s2_basic/bin'
[0.521s] Level 1:colcon.colcon_core.environment:checking '/home/aa274/autonomy_ws/src/aa274sections/install/s2_basic/lib/pkgconfig/s2_basic.pc'
[0.522s] Level 1:colcon.colcon_core.environment:checking '/home/aa274/autonomy_ws/src/aa274sections/install/s2_basic/lib/python3.10/site-packages'
[0.522s] Level 1:colcon.colcon_core.environment:checking '/home/aa274/autonomy_ws/src/aa274sections/install/s2_basic/bin'
[0.523s] INFO:colcon.colcon_core.shell:Creating package script '/home/aa274/autonomy_ws/src/aa274sections/install/s2_basic/share/s2_basic/package.ps1'
[0.528s] INFO:colcon.colcon_core.shell:Creating package descriptor '/home/aa274/autonomy_ws/src/aa274sections/install/s2_basic/share/s2_basic/package.dsv'
[0.530s] INFO:colcon.colcon_core.shell:Creating package script '/home/aa274/autonomy_ws/src/aa274sections/install/s2_basic/share/s2_basic/package.sh'
[0.531s] INFO:colcon.colcon_core.shell:Creating package script '/home/aa274/autonomy_ws/src/aa274sections/install/s2_basic/share/s2_basic/package.bash'
[0.532s] INFO:colcon.colcon_core.shell:Creating package script '/home/aa274/autonomy_ws/src/aa274sections/install/s2_basic/share/s2_basic/package.zsh'
[0.533s] Level 1:colcon.colcon_core.environment:create_file_with_runtime_dependencies(/home/aa274/autonomy_ws/src/aa274sections/install/s2_basic/share/colcon-core/packages/s2_basic)
[0.536s] Level 1:colcon.colcon_core.environment:create_environment_scripts_only(autonomy_repo)
[0.536s] Level 1:colcon.colcon_core.environment:checking '/home/aa274/autonomy_ws/src/aa274sections/install/autonomy_repo' for CMake module files
[0.537s] DEBUG:colcon.colcon_core.event_handler.log_command:Invoked command in '/home/aa274/autonomy_ws/src/aa274sections/build/autonomy_repo' returned '0': CMAKE_PREFIX_PATH=${CMAKE_PREFIX_PATH}:/opt/ros/humble /usr/bin/cmake --install /home/aa274/autonomy_ws/src/aa274sections/build/autonomy_repo
[0.537s] Level 1:colcon.colcon_core.environment:checking '/home/aa274/autonomy_ws/src/aa274sections/install/autonomy_repo' for CMake config files
[0.537s] Level 1:colcon.colcon_core.shell:create_environment_hook('autonomy_repo', 'cmake_prefix_path')
[0.538s] INFO:colcon.colcon_core.shell:Creating environment hook '/home/aa274/autonomy_ws/src/aa274sections/install/autonomy_repo/share/autonomy_repo/hook/cmake_prefix_path.ps1'
[0.538s] INFO:colcon.colcon_core.shell:Creating environment descriptor '/home/aa274/autonomy_ws/src/aa274sections/install/autonomy_repo/share/autonomy_repo/hook/cmake_prefix_path.dsv'
[0.538s] INFO:colcon.colcon_core.shell:Creating environment hook '/home/aa274/autonomy_ws/src/aa274sections/install/autonomy_repo/share/autonomy_repo/hook/cmake_prefix_path.sh'
[0.539s] Level 1:colcon.colcon_core.environment:checking '/home/aa274/autonomy_ws/src/aa274sections/install/autonomy_repo/lib'
[0.539s] Level 1:colcon.colcon_core.environment:checking '/home/aa274/autonomy_ws/src/aa274sections/install/autonomy_repo/bin'
[0.539s] Level 1:colcon.colcon_core.environment:checking '/home/aa274/autonomy_ws/src/aa274sections/install/autonomy_repo/lib/pkgconfig/autonomy_repo.pc'
[0.540s] Level 1:colcon.colcon_core.environment:checking '/home/aa274/autonomy_ws/src/aa274sections/install/autonomy_repo/lib/python3.10/site-packages'
[0.540s] Level 1:colcon.colcon_core.environment:checking '/home/aa274/autonomy_ws/src/aa274sections/install/autonomy_repo/bin'
[0.541s] INFO:colcon.colcon_core.shell:Creating package script '/home/aa274/autonomy_ws/src/aa274sections/install/autonomy_repo/share/autonomy_repo/package.ps1'
[0.542s] INFO:colcon.colcon_core.shell:Creating package descriptor '/home/aa274/autonomy_ws/src/aa274sections/install/autonomy_repo/share/autonomy_repo/package.dsv'
[0.543s] INFO:colcon.colcon_core.shell:Creating package script '/home/aa274/autonomy_ws/src/aa274sections/install/autonomy_repo/share/autonomy_repo/package.sh'
[0.543s] INFO:colcon.colcon_core.shell:Creating package script '/home/aa274/autonomy_ws/src/aa274sections/install/autonomy_repo/share/autonomy_repo/package.bash'
[0.544s] INFO:colcon.colcon_core.shell:Creating package script '/home/aa274/autonomy_ws/src/aa274sections/install/autonomy_repo/share/autonomy_repo/package.zsh'
[0.544s] Level 1:colcon.colcon_core.environment:create_file_with_runtime_dependencies(/home/aa274/autonomy_ws/src/aa274sections/install/autonomy_repo/share/colcon-core/packages/autonomy_repo)
[0.545s] Level 1:colcon.colcon_core.environment:create_environment_scripts_only(s3_basic)
[0.545s] Level 1:colcon.colcon_core.environment:checking '/home/aa274/autonomy_ws/src/aa274sections/install/s3_basic' for CMake module files
[0.546s] DEBUG:colcon.colcon_core.event_handler.log_command:Invoked command in '/home/aa274/autonomy_ws/src/aa274sections/build/s3_basic' returned '0': CMAKE_PREFIX_PATH=${CMAKE_PREFIX_PATH}:/opt/ros/humble /usr/bin/cmake --install /home/aa274/autonomy_ws/src/aa274sections/build/s3_basic
[0.546s] Level 1:colcon.colcon_core.environment:checking '/home/aa274/autonomy_ws/src/aa274sections/install/s3_basic' for CMake config files
[0.546s] Level 1:colcon.colcon_core.shell:create_environment_hook('s3_basic', 'cmake_prefix_path')
[0.547s] INFO:colcon.colcon_core.shell:Creating environment hook '/home/aa274/autonomy_ws/src/aa274sections/install/s3_basic/share/s3_basic/hook/cmake_prefix_path.ps1'
[0.547s] INFO:colcon.colcon_core.shell:Creating environment descriptor '/home/aa274/autonomy_ws/src/aa274sections/install/s3_basic/share/s3_basic/hook/cmake_prefix_path.dsv'
[0.548s] INFO:colcon.colcon_core.shell:Creating environment hook '/home/aa274/autonomy_ws/src/aa274sections/install/s3_basic/share/s3_basic/hook/cmake_prefix_path.sh'
[0.548s] Level 1:colcon.colcon_core.environment:checking '/home/aa274/autonomy_ws/src/aa274sections/install/s3_basic/lib'
[0.548s] Level 1:colcon.colcon_core.environment:checking '/home/aa274/autonomy_ws/src/aa274sections/install/s3_basic/bin'
[0.549s] Level 1:colcon.colcon_core.environment:checking '/home/aa274/autonomy_ws/src/aa274sections/install/s3_basic/lib/pkgconfig/s3_basic.pc'
[0.549s] Level 1:colcon.colcon_core.environment:checking '/home/aa274/autonomy_ws/src/aa274sections/install/s3_basic/lib/python3.10/site-packages'
[0.549s] Level 1:colcon.colcon_core.environment:checking '/home/aa274/autonomy_ws/src/aa274sections/install/s3_basic/bin'
[0.550s] INFO:colcon.colcon_core.shell:Creating package script '/home/aa274/autonomy_ws/src/aa274sections/install/s3_basic/share/s3_basic/package.ps1'
[0.551s] INFO:colcon.colcon_core.shell:Creating package descriptor '/home/aa274/autonomy_ws/src/aa274sections/install/s3_basic/share/s3_basic/package.dsv'
[0.552s] INFO:colcon.colcon_core.shell:Creating package script '/home/aa274/autonomy_ws/src/aa274sections/install/s3_basic/share/s3_basic/package.sh'
[0.552s] INFO:colcon.colcon_core.shell:Creating package script '/home/aa274/autonomy_ws/src/aa274sections/install/s3_basic/share/s3_basic/package.bash'
[0.553s] INFO:colcon.colcon_core.shell:Creating package script '/home/aa274/autonomy_ws/src/aa274sections/install/s3_basic/share/s3_basic/package.zsh'
[0.554s] Level 1:colcon.colcon_core.environment:create_file_with_runtime_dependencies(/home/aa274/autonomy_ws/src/aa274sections/install/s3_basic/share/colcon-core/packages/s3_basic)
[0.558s] Level 1:colcon.colcon_core.environment:create_environment_scripts_only(s2_basic)
[0.558s] Level 1:colcon.colcon_core.environment:checking '/home/aa274/autonomy_ws/src/aa274sections/install/s2_basic' for CMake module files
[0.559s] Level 1:colcon.colcon_core.environment:checking '/home/aa274/autonomy_ws/src/aa274sections/install/s2_basic' for CMake config files
[0.559s] Level 1:colcon.colcon_core.shell:create_environment_hook('s2_basic', 'cmake_prefix_path')
[0.559s] INFO:colcon.colcon_core.shell:Creating environment hook '/home/aa274/autonomy_ws/src/aa274sections/install/s2_basic/share/s2_basic/hook/cmake_prefix_path.ps1'
[0.560s] INFO:colcon.colcon_core.shell:Creating environment descriptor '/home/aa274/autonomy_ws/src/aa274sections/install/s2_basic/share/s2_basic/hook/cmake_prefix_path.dsv'
[0.560s] INFO:colcon.colcon_core.shell:Creating environment hook '/home/aa274/autonomy_ws/src/aa274sections/install/s2_basic/share/s2_basic/hook/cmake_prefix_path.sh'
[0.561s] Level 1:colcon.colcon_core.environment:checking '/home/aa274/autonomy_ws/src/aa274sections/install/s2_basic/lib'
[0.561s] Level 1:colcon.colcon_core.environment:checking '/home/aa274/autonomy_ws/src/aa274sections/install/s2_basic/bin'
[0.561s] Level 1:colcon.colcon_core.environment:checking '/home/aa274/autonomy_ws/src/aa274sections/install/s2_basic/lib/pkgconfig/s2_basic.pc'
[0.561s] Level 1:colcon.colcon_core.environment:checking '/home/aa274/autonomy_ws/src/aa274sections/install/s2_basic/lib/python3.10/site-packages'
[0.561s] Level 1:colcon.colcon_core.environment:checking '/home/aa274/autonomy_ws/src/aa274sections/install/s2_basic/bin'
[0.562s] INFO:colcon.colcon_core.shell:Creating package script '/home/aa274/autonomy_ws/src/aa274sections/install/s2_basic/share/s2_basic/package.ps1'
[0.562s] INFO:colcon.colcon_core.shell:Creating package descriptor '/home/aa274/autonomy_ws/src/aa274sections/install/s2_basic/share/s2_basic/package.dsv'
[0.563s] INFO:colcon.colcon_core.shell:Creating package script '/home/aa274/autonomy_ws/src/aa274sections/install/s2_basic/share/s2_basic/package.sh'
[0.563s] INFO:colcon.colcon_core.shell:Creating package script '/home/aa274/autonomy_ws/src/aa274sections/install/s2_basic/share/s2_basic/package.bash'
[0.564s] INFO:colcon.colcon_core.shell:Creating package script '/home/aa274/autonomy_ws/src/aa274sections/install/s2_basic/share/s2_basic/package.zsh'
[0.564s] Level 1:colcon.colcon_core.environment:create_file_with_runtime_dependencies(/home/aa274/autonomy_ws/src/aa274sections/install/s2_basic/share/colcon-core/packages/s2_basic)
[0.566s] Level 1:colcon.colcon_core.environment:create_environment_scripts_only(autonomy_repo)
[0.566s] Level 1:colcon.colcon_core.environment:checking '/home/aa274/autonomy_ws/src/aa274sections/install/autonomy_repo' for CMake module files
[0.567s] Level 1:colcon.colcon_core.environment:checking '/home/aa274/autonomy_ws/src/aa274sections/install/autonomy_repo' for CMake config files
[0.567s] Level 1:colcon.colcon_core.shell:create_environment_hook('autonomy_repo', 'cmake_prefix_path')
[0.567s] INFO:colcon.colcon_core.shell:Creating environment hook '/home/aa274/autonomy_ws/src/aa274sections/install/autonomy_repo/share/autonomy_repo/hook/cmake_prefix_path.ps1'
[0.568s] INFO:colcon.colcon_core.shell:Creating environment descriptor '/home/aa274/autonomy_ws/src/aa274sections/install/autonomy_repo/share/autonomy_repo/hook/cmake_prefix_path.dsv'
[0.568s] INFO:colcon.colcon_core.shell:Creating environment hook '/home/aa274/autonomy_ws/src/aa274sections/install/autonomy_repo/share/autonomy_repo/hook/cmake_prefix_path.sh'
[0.569s] Level 1:colcon.colcon_core.environment:checking '/home/aa274/autonomy_ws/src/aa274sections/install/autonomy_repo/lib'
[0.569s] Level 1:colcon.colcon_core.environment:checking '/home/aa274/autonomy_ws/src/aa274sections/install/autonomy_repo/bin'
[0.569s] Level 1:colcon.colcon_core.environment:checking '/home/aa274/autonomy_ws/src/aa274sections/install/autonomy_repo/lib/pkgconfig/autonomy_repo.pc'
[0.569s] Level 1:colcon.colcon_core.environment:checking '/home/aa274/autonomy_ws/src/aa274sections/install/autonomy_repo/lib/python3.10/site-packages'
[0.569s] Level 1:colcon.colcon_core.environment:checking '/home/aa274/autonomy_ws/src/aa274sections/install/autonomy_repo/bin'
[0.569s] INFO:colcon.colcon_core.shell:Creating package script '/home/aa274/autonomy_ws/src/aa274sections/install/autonomy_repo/share/autonomy_repo/package.ps1'
[0.570s] INFO:colcon.colcon_core.shell:Creating package descriptor '/home/aa274/autonomy_ws/src/aa274sections/install/autonomy_repo/share/autonomy_repo/package.dsv'
[0.570s] INFO:colcon.colcon_core.shell:Creating package script '/home/aa274/autonomy_ws/src/aa274sections/install/autonomy_repo/share/autonomy_repo/package.sh'
[0.571s] INFO:colcon.colcon_core.shell:Creating package script '/home/aa274/autonomy_ws/src/aa274sections/install/autonomy_repo/share/autonomy_repo/package.bash'
[0.571s] INFO:colcon.colcon_core.shell:Creating package script '/home/aa274/autonomy_ws/src/aa274sections/install/autonomy_repo/share/autonomy_repo/package.zsh'
[0.572s] Level 1:colcon.colcon_core.environment:create_file_with_runtime_dependencies(/home/aa274/autonomy_ws/src/aa274sections/install/autonomy_repo/share/colcon-core/packages/autonomy_repo)
[0.574s] Level 1:colcon.colcon_core.environment:create_environment_scripts_only(s3_basic)
[0.574s] Level 1:colcon.colcon_core.environment:checking '/home/aa274/autonomy_ws/src/aa274sections/install/s3_basic' for CMake module files
[0.575s] Level 1:colcon.colcon_core.environment:checking '/home/aa274/autonomy_ws/src/aa274sections/install/s3_basic' for CMake config files
[0.575s] Level 1:colcon.colcon_core.shell:create_environment_hook('s3_basic', 'cmake_prefix_path')
[0.575s] INFO:colcon.colcon_core.shell:Creating environment hook '/home/aa274/autonomy_ws/src/aa274sections/install/s3_basic/share/s3_basic/hook/cmake_prefix_path.ps1'
[0.576s] INFO:colcon.colcon_core.shell:Creating environment descriptor '/home/aa274/autonomy_ws/src/aa274sections/install/s3_basic/share/s3_basic/hook/cmake_prefix_path.dsv'
[0.576s] INFO:colcon.colcon_core.shell:Creating environment hook '/home/aa274/autonomy_ws/src/aa274sections/install/s3_basic/share/s3_basic/hook/cmake_prefix_path.sh'
[0.576s] Level 1:colcon.colcon_core.environment:checking '/home/aa274/autonomy_ws/src/aa274sections/install/s3_basic/lib'
[0.576s] Level 1:colcon.colcon_core.environment:checking '/home/aa274/autonomy_ws/src/aa274sections/install/s3_basic/bin'
[0.576s] Level 1:colcon.colcon_core.environment:checking '/home/aa274/autonomy_ws/src/aa274sections/install/s3_basic/lib/pkgconfig/s3_basic.pc'
[0.577s] Level 1:colcon.colcon_core.environment:checking '/home/aa274/autonomy_ws/src/aa274sections/install/s3_basic/lib/python3.10/site-packages'
[0.577s] Level 1:colcon.colcon_core.environment:checking '/home/aa274/autonomy_ws/src/aa274sections/install/s3_basic/bin'
[0.577s] INFO:colcon.colcon_core.shell:Creating package script '/home/aa274/autonomy_ws/src/aa274sections/install/s3_basic/share/s3_basic/package.ps1'
[0.578s] INFO:colcon.colcon_core.shell:Creating package descriptor '/home/aa274/autonomy_ws/src/aa274sections/install/s3_basic/share/s3_basic/package.dsv'
[0.578s] INFO:colcon.colcon_core.shell:Creating package script '/home/aa274/autonomy_ws/src/aa274sections/install/s3_basic/share/s3_basic/package.sh'
[0.579s] INFO:colcon.colcon_core.shell:Creating package script '/home/aa274/autonomy_ws/src/aa274sections/install/s3_basic/share/s3_basic/package.bash'
[0.579s] INFO:colcon.colcon_core.shell:Creating package script '/home/aa274/autonomy_ws/src/aa274sections/install/s3_basic/share/s3_basic/package.zsh'
[0.580s] Level 1:colcon.colcon_core.environment:create_file_with_runtime_dependencies(/home/aa274/autonomy_ws/src/aa274sections/install/s3_basic/share/colcon-core/packages/s3_basic)
[0.580s] DEBUG:colcon.colcon_parallel_executor.executor.parallel:closing loop
[0.581s] DEBUG:colcon.colcon_parallel_executor.executor.parallel:loop closed
[0.581s] DEBUG:colcon.colcon_parallel_executor.executor.parallel:run_until_complete finished with '0'
[0.581s] DEBUG:colcon.colcon_core.event_reactor:joining thread
[0.588s] INFO:colcon.colcon_core.plugin_system:Skipping extension 'colcon_notification.desktop_notification.terminal_notifier': Not used on non-Darwin systems
[0.588s] INFO:colcon.colcon_core.plugin_system:Skipping extension 'colcon_notification.desktop_notification.win32': Not used on non-Windows systems
[0.588s] INFO:colcon.colcon_notification.desktop_notification:Sending desktop notification using 'notify2'
[0.602s] DEBUG:colcon.colcon_core.event_reactor:joined thread
[0.603s] INFO:colcon.colcon_core.shell:Creating prefix script '/home/aa274/autonomy_ws/src/aa274sections/install/local_setup.ps1'
[0.604s] INFO:colcon.colcon_core.shell:Creating prefix util module '/home/aa274/autonomy_ws/src/aa274sections/install/_local_setup_util_ps1.py'
[0.605s] INFO:colcon.colcon_core.shell:Creating prefix chain script '/home/aa274/autonomy_ws/src/aa274sections/install/setup.ps1'
[0.607s] INFO:colcon.colcon_core.shell:Creating prefix script '/home/aa274/autonomy_ws/src/aa274sections/install/local_setup.sh'
[0.608s] INFO:colcon.colcon_core.shell:Creating prefix util module '/home/aa274/autonomy_ws/src/aa274sections/install/_local_setup_util_sh.py'
[0.609s] INFO:colcon.colcon_core.shell:Creating prefix chain script '/home/aa274/autonomy_ws/src/aa274sections/install/setup.sh'
[0.611s] INFO:colcon.colcon_core.shell:Creating prefix script '/home/aa274/autonomy_ws/src/aa274sections/install/local_setup.bash'
[0.612s] INFO:colcon.colcon_core.shell:Creating prefix chain script '/home/aa274/autonomy_ws/src/aa274sections/install/setup.bash'
[0.614s] INFO:colcon.colcon_core.shell:Creating prefix script '/home/aa274/autonomy_ws/src/aa274sections/install/local_setup.zsh'
[0.614s] INFO:colcon.colcon_core.shell:Creating prefix chain script '/home/aa274/autonomy_ws/src/aa274sections/install/setup.zsh'
