[0.033s] Invoking command in '/home/aa274/autonomy_ws/src/aa274sections/s3_basic/build/s3_basic': CMAKE_PREFIX_PATH=${CMAKE_PREFIX_PATH}:/opt/ros/humble /usr/bin/cmake --build /home/aa274/autonomy_ws/src/aa274sections/s3_basic/build/s3_basic -- -j8 -l8
[0.088s] -- Found ament_cmake: 1.3.10 (/opt/ros/humble/share/ament_cmake/cmake)
[0.462s] -- Override CMake install command with custom implementation using symlinks instead of copying resources
[0.480s] -- Found ament_lint_auto: 0.12.11 (/opt/ros/humble/share/ament_lint_auto/cmake)
[0.726s] -- Added test 'cppcheck' to perform static code analysis on C / C++ code
[0.727s] -- Configured cppcheck include dirs: 
[0.728s] -- Configured cppcheck exclude dirs and/or files: 
[0.734s] -- Added test 'flake8' to check Python code syntax and style conventions
[0.740s] -- Added test 'lint_cmake' to check CMake code style
[0.746s] -- Added test 'pep257' to check Python code against some of the docstring style conventions in PEP 257
[0.774s] -- Added test 'uncrustify' to check C / C++ code style
[0.774s] -- Configured uncrustify additional arguments: 
[0.778s] -- Added test 'xmllint' to check XML markup files
[0.780s] -- Configuring done
[0.791s] -- Generating done
[0.793s] -- Build files have been written to: /home/aa274/autonomy_ws/src/aa274sections/s3_basic/build/s3_basic
[0.864s] Invoked command in '/home/aa274/autonomy_ws/src/aa274sections/s3_basic/build/s3_basic' returned '0': CMAKE_PREFIX_PATH=${CMAKE_PREFIX_PATH}:/opt/ros/humble /usr/bin/cmake --build /home/aa274/autonomy_ws/src/aa274sections/s3_basic/build/s3_basic -- -j8 -l8
[0.940s] Invoking command in '/home/aa274/autonomy_ws/src/aa274sections/s3_basic/build/s3_basic': CMAKE_PREFIX_PATH=${CMAKE_PREFIX_PATH}:/opt/ros/humble /usr/bin/cmake --install /home/aa274/autonomy_ws/src/aa274sections/s3_basic/build/s3_basic
[0.960s] -- Install configuration: ""
[0.961s] -- Execute custom install script
[0.962s] -- Up-to-date symlink: /home/aa274/autonomy_ws/src/aa274sections/s3_basic/install/s3_basic/lib/s3_basic/constant_control.py
[0.963s] -- Up-to-date symlink: /home/aa274/autonomy_ws/src/aa274sections/s3_basic/install/s3_basic/share/ament_index/resource_index/package_run_dependencies/s3_basic
[0.963s] -- Up-to-date symlink: /home/aa274/autonomy_ws/src/aa274sections/s3_basic/install/s3_basic/share/ament_index/resource_index/parent_prefix_path/s3_basic
[0.964s] -- Up-to-date symlink: /home/aa274/autonomy_ws/src/aa274sections/s3_basic/install/s3_basic/share/s3_basic/environment/ament_prefix_path.sh
[0.965s] -- Up-to-date symlink: /home/aa274/autonomy_ws/src/aa274sections/s3_basic/install/s3_basic/share/s3_basic/environment/ament_prefix_path.dsv
[0.965s] -- Up-to-date symlink: /home/aa274/autonomy_ws/src/aa274sections/s3_basic/install/s3_basic/share/s3_basic/environment/path.sh
[0.965s] -- Up-to-date symlink: /home/aa274/autonomy_ws/src/aa274sections/s3_basic/install/s3_basic/share/s3_basic/environment/path.dsv
[0.965s] -- Up-to-date symlink: /home/aa274/autonomy_ws/src/aa274sections/s3_basic/install/s3_basic/share/s3_basic/local_setup.bash
[0.966s] -- Up-to-date symlink: /home/aa274/autonomy_ws/src/aa274sections/s3_basic/install/s3_basic/share/s3_basic/local_setup.sh
[0.966s] -- Up-to-date symlink: /home/aa274/autonomy_ws/src/aa274sections/s3_basic/install/s3_basic/share/s3_basic/local_setup.zsh
[0.966s] -- Up-to-date symlink: /home/aa274/autonomy_ws/src/aa274sections/s3_basic/install/s3_basic/share/s3_basic/local_setup.dsv
[0.966s] -- Symlinking: /home/aa274/autonomy_ws/src/aa274sections/s3_basic/install/s3_basic/share/s3_basic/package.dsv
[0.990s] -- Up-to-date symlink: /home/aa274/autonomy_ws/src/aa274sections/s3_basic/install/s3_basic/share/ament_index/resource_index/packages/s3_basic
[0.991s] -- Up-to-date symlink: /home/aa274/autonomy_ws/src/aa274sections/s3_basic/install/s3_basic/share/s3_basic/cmake/s3_basicConfig.cmake
[0.992s] -- Up-to-date symlink: /home/aa274/autonomy_ws/src/aa274sections/s3_basic/install/s3_basic/share/s3_basic/cmake/s3_basicConfig-version.cmake
[0.993s] -- Up-to-date symlink: /home/aa274/autonomy_ws/src/aa274sections/s3_basic/install/s3_basic/share/s3_basic/package.xml
[0.998s] Invoked command in '/home/aa274/autonomy_ws/src/aa274sections/s3_basic/build/s3_basic' returned '0': CMAKE_PREFIX_PATH=${CMAKE_PREFIX_PATH}:/opt/ros/humble /usr/bin/cmake --install /home/aa274/autonomy_ws/src/aa274sections/s3_basic/build/s3_basic
