[0.007s] Invoking command in '/home/autonomy/autonomy_ws/src/aa274sections/build/s2_basic': /usr/bin/cmake /home/autonomy/autonomy_ws/src/aa274sections/s2_basic -DCATKIN_INSTALL_INTO_PREFIX_ROOT=0 -DCMAKE_INSTALL_PREFIX=/home/autonomy/autonomy_ws/src/aa274sections/install/s2_basic
[0.360s] -- The C compiler identification is GNU 11.4.0
[0.704s] -- The CXX compiler identification is GNU 11.4.0
[0.724s] -- Detecting C compiler ABI info
[0.925s] -- Detecting C compiler ABI info - done
[0.937s] -- Check for working C compiler: /usr/bin/cc - skipped
[0.938s] -- Detecting C compile features
[0.939s] -- Detecting C compile features - done
[0.950s] -- Detecting CXX compiler ABI info
[1.146s] -- Detecting CXX compiler ABI info - done
[1.156s] -- Check for working CXX compiler: /usr/bin/c++ - skipped
[1.156s] -- Detecting CXX compile features
[1.157s] -- Detecting CXX compile features - done
[1.226s] [31mCMake Error at CMakeLists.txt:10 (find_package):
[1.226s]   By not providing "Findcatkin.cmake" in CMAKE_MODULE_PATH this project has
[1.226s]   asked CMake to find a package configuration file provided by "catkin", but
[1.226s]   CMake did not find one.
[1.227s] 
[1.227s]   Could not find a package configuration file provided by "catkin" with any
[1.227s]   of the following names:
[1.227s] 
[1.227s]     catkinConfig.cmake
[1.227s]     catkin-config.cmake
[1.227s] 
[1.227s]   Add the installation prefix of "catkin" to CMAKE_PREFIX_PATH or set
[1.227s]   "catkin_DIR" to a directory containing one of the above files.  If "catkin"
[1.227s]   provides a separate development package or SDK, be sure it has been
[1.227s]   installed.
[1.227s] 
[1.227s] [0m
[1.227s] -- Configuring incomplete, errors occurred!
[1.228s] See also "/home/autonomy/autonomy_ws/src/aa274sections/build/s2_basic/CMakeFiles/CMakeOutput.log".
[1.234s] Invoked command in '/home/autonomy/autonomy_ws/src/aa274sections/build/s2_basic' returned '1': /usr/bin/cmake /home/autonomy/autonomy_ws/src/aa274sections/s2_basic -DCATKIN_INSTALL_INTO_PREFIX_ROOT=0 -DCMAKE_INSTALL_PREFIX=/home/autonomy/autonomy_ws/src/aa274sections/install/s2_basic
