[0.008s] Invoking command in '/home/aa274/autonomy_ws/src/aa274sections/build/s2_basic': CMAKE_PREFIX_PATH=${CMAKE_PREFIX_PATH}:/opt/ros/humble /usr/bin/cmake --build /home/aa274/autonomy_ws/src/aa274sections/build/s2_basic -- -j14 -l14
[0.037s] -- Found ament_cmake: 1.3.11 (/opt/ros/humble/share/ament_cmake/cmake)
[0.131s] -- Override CMake install command with custom implementation using symlinks instead of copying resources
[0.141s] -- Found ament_lint_auto: 0.12.11 (/opt/ros/humble/share/ament_lint_auto/cmake)
[0.188s] -- Added test 'flake8' to check Python code syntax and style conventions
[0.188s] -- Added test 'lint_cmake' to check CMake code style
[0.189s] -- Added test 'pep257' to check Python code against some of the docstring style conventions in PEP 257
[0.189s] -- Added test 'xmllint' to check XML markup files
[0.190s] -- Configuring done
[0.191s] -- Generating done
[0.192s] -- Build files have been written to: /home/aa274/autonomy_ws/src/aa274sections/build/s2_basic
[0.213s] Invoked command in '/home/aa274/autonomy_ws/src/aa274sections/build/s2_basic' returned '0': CMAKE_PREFIX_PATH=${CMAKE_PREFIX_PATH}:/opt/ros/humble /usr/bin/cmake --build /home/aa274/autonomy_ws/src/aa274sections/build/s2_basic -- -j14 -l14
[0.237s] Invoking command in '/home/aa274/autonomy_ws/src/aa274sections/build/s2_basic': CMAKE_PREFIX_PATH=${CMAKE_PREFIX_PATH}:/opt/ros/humble /usr/bin/cmake --install /home/aa274/autonomy_ws/src/aa274sections/build/s2_basic
[0.243s] -- Install configuration: "RelWithDebInfo"
[0.244s] -- Execute custom install script
[0.244s] -- Up-to-date symlink: /home/aa274/autonomy_ws/src/aa274sections/install/s2_basic/lib/s2_basic/constant_control.py
[0.244s] -- Up-to-date symlink: /home/aa274/autonomy_ws/src/aa274sections/install/s2_basic/share/ament_index/resource_index/package_run_dependencies/s2_basic
[0.244s] -- Up-to-date symlink: /home/aa274/autonomy_ws/src/aa274sections/install/s2_basic/share/ament_index/resource_index/parent_prefix_path/s2_basic
[0.244s] -- Up-to-date symlink: /home/aa274/autonomy_ws/src/aa274sections/install/s2_basic/share/s2_basic/environment/ament_prefix_path.sh
[0.244s] -- Up-to-date symlink: /home/aa274/autonomy_ws/src/aa274sections/install/s2_basic/share/s2_basic/environment/ament_prefix_path.dsv
[0.244s] -- Up-to-date symlink: /home/aa274/autonomy_ws/src/aa274sections/install/s2_basic/share/s2_basic/environment/path.sh
[0.245s] -- Up-to-date symlink: /home/aa274/autonomy_ws/src/aa274sections/install/s2_basic/share/s2_basic/environment/path.dsv
[0.245s] -- Up-to-date symlink: /home/aa274/autonomy_ws/src/aa274sections/install/s2_basic/share/s2_basic/local_setup.bash
[0.245s] -- Up-to-date symlink: /home/aa274/autonomy_ws/src/aa274sections/install/s2_basic/share/s2_basic/local_setup.sh
[0.245s] -- Up-to-date symlink: /home/aa274/autonomy_ws/src/aa274sections/install/s2_basic/share/s2_basic/local_setup.zsh
[0.245s] -- Up-to-date symlink: /home/aa274/autonomy_ws/src/aa274sections/install/s2_basic/share/s2_basic/local_setup.dsv
[0.245s] -- Symlinking: /home/aa274/autonomy_ws/src/aa274sections/install/s2_basic/share/s2_basic/package.dsv
[0.250s] -- Up-to-date symlink: /home/aa274/autonomy_ws/src/aa274sections/install/s2_basic/share/ament_index/resource_index/packages/s2_basic
[0.250s] -- Up-to-date symlink: /home/aa274/autonomy_ws/src/aa274sections/install/s2_basic/share/s2_basic/cmake/s2_basicConfig.cmake
[0.250s] -- Up-to-date symlink: /home/aa274/autonomy_ws/src/aa274sections/install/s2_basic/share/s2_basic/cmake/s2_basicConfig-version.cmake
[0.250s] -- Up-to-date symlink: /home/aa274/autonomy_ws/src/aa274sections/install/s2_basic/share/s2_basic/package.xml
[0.252s] Invoked command in '/home/aa274/autonomy_ws/src/aa274sections/build/s2_basic' returned '0': CMAKE_PREFIX_PATH=${CMAKE_PREFIX_PATH}:/opt/ros/humble /usr/bin/cmake --install /home/aa274/autonomy_ws/src/aa274sections/build/s2_basic
