[0.387s] DEBUG:colcon:Command line arguments: ['/usr/bin/colcon', 'build', '--symlink-install']
[0.387s] DEBUG:colcon:Parsed command line arguments: Namespace(log_base=None, log_level=None, verb_name='build', build_base='build', install_base='install', merge_install=False, symlink_install=True, test_result_base=None, continue_on_error=False, executor='parallel', parallel_workers=8, event_handlers=None, ignore_user_meta=False, metas=['./colcon.meta'], base_paths=['.'], packages_ignore=None, packages_ignore_regex=None, paths=None, packages_up_to=None, packages_up_to_regex=None, packages_above=None, packages_above_and_dependencies=None, packages_above_depth=None, packages_select_by_dep=None, packages_skip_by_dep=None, packages_skip_up_to=None, packages_select_build_failed=False, packages_skip_build_finished=False, packages_select_test_failures=False, packages_skip_test_passed=False, packages_select=None, packages_skip=None, packages_select_regex=None, packages_skip_regex=None, packages_start=None, packages_end=None, allow_overriding=[], cmake_args=None, cmake_target=None, cmake_target_skip_unavailable=False, cmake_clean_cache=False, cmake_clean_first=False, cmake_force_configure=False, ament_cmake_args=None, catkin_cmake_args=None, catkin_skip_building_tests=False, mixin_files=None, mixin=None, verb_parser=<colcon_mixin.mixin.mixin_argument.MixinArgumentDecorator object at 0x7245d2576c50>, verb_extension=<colcon_core.verb.build.BuildVerb object at 0x7245d267b400>, main=<bound method BuildVerb.main of <colcon_core.verb.build.BuildVerb object at 0x7245d267b400>>, mixin_verb=('build',))
[0.981s] Level 1:colcon.colcon_core.package_discovery:discover_packages(colcon_meta) check parameters
[0.981s] Level 1:colcon.colcon_core.package_discovery:discover_packages(recursive) check parameters
[0.981s] Level 1:colcon.colcon_core.package_discovery:discover_packages(ignore) check parameters
[0.981s] Level 1:colcon.colcon_core.package_discovery:discover_packages(path) check parameters
[0.981s] Level 1:colcon.colcon_core.package_discovery:discover_packages(colcon_meta) discover
[0.981s] Level 1:colcon.colcon_core.package_discovery:discover_packages(recursive) discover
[0.981s] INFO:colcon.colcon_core.package_discovery:Crawling recursively for packages in '/home/aa274/autonomy_ws/src/aa274sections/s3_basic'
[0.982s] Level 1:colcon.colcon_core.package_identification:_identify(.) by extensions ['ignore', 'ignore_ament_install']
[0.982s] Level 1:colcon.colcon_core.package_identification:_identify(.) by extension 'ignore'
[0.982s] Level 1:colcon.colcon_core.package_identification:_identify(.) by extension 'ignore_ament_install'
[0.982s] Level 1:colcon.colcon_core.package_identification:_identify(.) by extensions ['colcon_pkg']
[0.982s] Level 1:colcon.colcon_core.package_identification:_identify(.) by extension 'colcon_pkg'
[0.982s] Level 1:colcon.colcon_core.package_identification:_identify(.) by extensions ['colcon_meta']
[0.982s] Level 1:colcon.colcon_core.package_identification:_identify(.) by extension 'colcon_meta'
[0.983s] Level 1:colcon.colcon_core.package_identification:_identify(.) by extensions ['ros']
[0.983s] Level 1:colcon.colcon_core.package_identification:_identify(.) by extension 'ros'
[1.036s] DEBUG:colcon.colcon_core.package_identification:Package '.' with type 'ros.ament_cmake' and name 's3_basic'
[1.037s] Level 1:colcon.colcon_core.package_discovery:discover_packages(recursive) using defaults
[1.038s] Level 1:colcon.colcon_core.package_discovery:discover_packages(ignore) discover
[1.039s] Level 1:colcon.colcon_core.package_discovery:discover_packages(ignore) using defaults
[1.039s] Level 1:colcon.colcon_core.package_discovery:discover_packages(path) discover
[1.039s] Level 1:colcon.colcon_core.package_discovery:discover_packages(path) using defaults
[1.140s] Level 1:colcon.colcon_core.package_discovery:discover_packages(prefix_path) check parameters
[1.141s] Level 1:colcon.colcon_core.package_discovery:discover_packages(prefix_path) discover
[1.155s] DEBUG:colcon.colcon_installed_package_information.package_discovery:Found 2 installed packages in /home/aa274/autonomy_ws/install
[1.160s] DEBUG:colcon.colcon_installed_package_information.package_discovery:Found 18 installed packages in /home/aa274/tb_ws/install
[1.167s] DEBUG:colcon.colcon_installed_package_information.package_discovery:Found 299 installed packages in /opt/ros/humble
[1.172s] Level 1:colcon.colcon_core.package_discovery:discover_packages(prefix_path) using defaults
[1.372s] Level 5:colcon.colcon_core.verb:set package 's3_basic' build argument 'cmake_args' from command line to 'None'
[1.372s] Level 5:colcon.colcon_core.verb:set package 's3_basic' build argument 'cmake_target' from command line to 'None'
[1.372s] Level 5:colcon.colcon_core.verb:set package 's3_basic' build argument 'cmake_target_skip_unavailable' from command line to 'False'
[1.372s] Level 5:colcon.colcon_core.verb:set package 's3_basic' build argument 'cmake_clean_cache' from command line to 'False'
[1.373s] Level 5:colcon.colcon_core.verb:set package 's3_basic' build argument 'cmake_clean_first' from command line to 'False'
[1.373s] Level 5:colcon.colcon_core.verb:set package 's3_basic' build argument 'cmake_force_configure' from command line to 'False'
[1.373s] Level 5:colcon.colcon_core.verb:set package 's3_basic' build argument 'ament_cmake_args' from command line to 'None'
[1.373s] Level 5:colcon.colcon_core.verb:set package 's3_basic' build argument 'catkin_cmake_args' from command line to 'None'
[1.373s] Level 5:colcon.colcon_core.verb:set package 's3_basic' build argument 'catkin_skip_building_tests' from command line to 'False'
[1.373s] DEBUG:colcon.colcon_core.verb:Building package 's3_basic' with the following arguments: {'ament_cmake_args': None, 'build_base': '/home/aa274/autonomy_ws/src/aa274sections/s3_basic/build/s3_basic', 'catkin_cmake_args': None, 'catkin_skip_building_tests': False, 'cmake_args': None, 'cmake_clean_cache': False, 'cmake_clean_first': False, 'cmake_force_configure': False, 'cmake_target': None, 'cmake_target_skip_unavailable': False, 'install_base': '/home/aa274/autonomy_ws/src/aa274sections/s3_basic/install/s3_basic', 'merge_install': False, 'path': '/home/aa274/autonomy_ws/src/aa274sections/s3_basic', 'symlink_install': True, 'test_result_base': None}
[1.373s] INFO:colcon.colcon_core.executor:Executing jobs using 'parallel' executor
[1.375s] DEBUG:colcon.colcon_parallel_executor.executor.parallel:run_until_complete
[1.376s] INFO:colcon.colcon_ros.task.ament_cmake.build:Building ROS package in '/home/aa274/autonomy_ws/src/aa274sections/s3_basic' with build type 'ament_cmake'
[1.376s] INFO:colcon.colcon_cmake.task.cmake.build:Building CMake package in '/home/aa274/autonomy_ws/src/aa274sections/s3_basic'
[1.387s] INFO:colcon.colcon_core.plugin_system:Skipping extension 'colcon_core.shell.bat': Not used on non-Windows systems
[1.388s] INFO:colcon.colcon_core.shell:Skip shell extension 'powershell' for command environment: Not usable outside of PowerShell
[1.388s] DEBUG:colcon.colcon_core.shell:Skip shell extension 'dsv' for command environment
[1.425s] DEBUG:colcon.colcon_core.event_handler.log_command:Invoking command in '/home/aa274/autonomy_ws/src/aa274sections/s3_basic/build/s3_basic': CMAKE_PREFIX_PATH=${CMAKE_PREFIX_PATH}:/opt/ros/humble /usr/bin/cmake /home/aa274/autonomy_ws/src/aa274sections/s3_basic -DAMENT_CMAKE_SYMLINK_INSTALL=1 -DCMAKE_INSTALL_PREFIX=/home/aa274/autonomy_ws/src/aa274sections/s3_basic/install/s3_basic
[3.670s] DEBUG:colcon.colcon_core.event_handler.log_command:Invoked command in '/home/aa274/autonomy_ws/src/aa274sections/s3_basic/build/s3_basic' returned '0': CMAKE_PREFIX_PATH=${CMAKE_PREFIX_PATH}:/opt/ros/humble /usr/bin/cmake /home/aa274/autonomy_ws/src/aa274sections/s3_basic -DAMENT_CMAKE_SYMLINK_INSTALL=1 -DCMAKE_INSTALL_PREFIX=/home/aa274/autonomy_ws/src/aa274sections/s3_basic/install/s3_basic
[3.673s] DEBUG:colcon.colcon_core.event_handler.log_command:Invoking command in '/home/aa274/autonomy_ws/src/aa274sections/s3_basic/build/s3_basic': CMAKE_PREFIX_PATH=${CMAKE_PREFIX_PATH}:/opt/ros/humble /usr/bin/cmake --build /home/aa274/autonomy_ws/src/aa274sections/s3_basic/build/s3_basic -- -j8 -l8
[3.765s] DEBUG:colcon.colcon_core.event_handler.log_command:Invoked command in '/home/aa274/autonomy_ws/src/aa274sections/s3_basic/build/s3_basic' returned '0': CMAKE_PREFIX_PATH=${CMAKE_PREFIX_PATH}:/opt/ros/humble /usr/bin/cmake --build /home/aa274/autonomy_ws/src/aa274sections/s3_basic/build/s3_basic -- -j8 -l8
[3.843s] DEBUG:colcon.colcon_core.event_handler.log_command:Invoking command in '/home/aa274/autonomy_ws/src/aa274sections/s3_basic/build/s3_basic': CMAKE_PREFIX_PATH=${CMAKE_PREFIX_PATH}:/opt/ros/humble /usr/bin/cmake --install /home/aa274/autonomy_ws/src/aa274sections/s3_basic/build/s3_basic
[4.289s] Level 1:colcon.colcon_core.environment:create_environment_scripts_only(s3_basic)
[4.291s] DEBUG:colcon.colcon_core.event_handler.log_command:Invoked command in '/home/aa274/autonomy_ws/src/aa274sections/s3_basic/build/s3_basic' returned '0': CMAKE_PREFIX_PATH=${CMAKE_PREFIX_PATH}:/opt/ros/humble /usr/bin/cmake --install /home/aa274/autonomy_ws/src/aa274sections/s3_basic/build/s3_basic
[4.300s] Level 1:colcon.colcon_core.environment:checking '/home/aa274/autonomy_ws/src/aa274sections/s3_basic/install/s3_basic' for CMake module files
[4.301s] Level 1:colcon.colcon_core.environment:checking '/home/aa274/autonomy_ws/src/aa274sections/s3_basic/install/s3_basic' for CMake config files
[4.302s] Level 1:colcon.colcon_core.shell:create_environment_hook('s3_basic', 'cmake_prefix_path')
[4.302s] INFO:colcon.colcon_core.shell:Creating environment hook '/home/aa274/autonomy_ws/src/aa274sections/s3_basic/install/s3_basic/share/s3_basic/hook/cmake_prefix_path.ps1'
[4.304s] INFO:colcon.colcon_core.shell:Creating environment descriptor '/home/aa274/autonomy_ws/src/aa274sections/s3_basic/install/s3_basic/share/s3_basic/hook/cmake_prefix_path.dsv'
[4.305s] INFO:colcon.colcon_core.shell:Creating environment hook '/home/aa274/autonomy_ws/src/aa274sections/s3_basic/install/s3_basic/share/s3_basic/hook/cmake_prefix_path.sh'
[4.308s] Level 1:colcon.colcon_core.environment:checking '/home/aa274/autonomy_ws/src/aa274sections/s3_basic/install/s3_basic/lib'
[4.309s] Level 1:colcon.colcon_core.environment:checking '/home/aa274/autonomy_ws/src/aa274sections/s3_basic/install/s3_basic/bin'
[4.309s] Level 1:colcon.colcon_core.environment:checking '/home/aa274/autonomy_ws/src/aa274sections/s3_basic/install/s3_basic/lib/pkgconfig/s3_basic.pc'
[4.310s] Level 1:colcon.colcon_core.environment:checking '/home/aa274/autonomy_ws/src/aa274sections/s3_basic/install/s3_basic/lib/python3.10/site-packages'
[4.311s] Level 1:colcon.colcon_core.environment:checking '/home/aa274/autonomy_ws/src/aa274sections/s3_basic/install/s3_basic/bin'
[4.313s] INFO:colcon.colcon_core.shell:Creating package script '/home/aa274/autonomy_ws/src/aa274sections/s3_basic/install/s3_basic/share/s3_basic/package.ps1'
[4.316s] INFO:colcon.colcon_core.shell:Creating package descriptor '/home/aa274/autonomy_ws/src/aa274sections/s3_basic/install/s3_basic/share/s3_basic/package.dsv'
[4.318s] INFO:colcon.colcon_core.shell:Creating package script '/home/aa274/autonomy_ws/src/aa274sections/s3_basic/install/s3_basic/share/s3_basic/package.sh'
[4.320s] INFO:colcon.colcon_core.shell:Creating package script '/home/aa274/autonomy_ws/src/aa274sections/s3_basic/install/s3_basic/share/s3_basic/package.bash'
[4.322s] INFO:colcon.colcon_core.shell:Creating package script '/home/aa274/autonomy_ws/src/aa274sections/s3_basic/install/s3_basic/share/s3_basic/package.zsh'
[4.324s] Level 1:colcon.colcon_core.environment:create_file_with_runtime_dependencies(/home/aa274/autonomy_ws/src/aa274sections/s3_basic/install/s3_basic/share/colcon-core/packages/s3_basic)
[4.384s] Level 1:colcon.colcon_core.environment:create_environment_scripts_only(s3_basic)
[4.385s] Level 1:colcon.colcon_core.environment:checking '/home/aa274/autonomy_ws/src/aa274sections/s3_basic/install/s3_basic' for CMake module files
[4.386s] Level 1:colcon.colcon_core.environment:checking '/home/aa274/autonomy_ws/src/aa274sections/s3_basic/install/s3_basic' for CMake config files
[4.387s] Level 1:colcon.colcon_core.shell:create_environment_hook('s3_basic', 'cmake_prefix_path')
[4.387s] INFO:colcon.colcon_core.shell:Creating environment hook '/home/aa274/autonomy_ws/src/aa274sections/s3_basic/install/s3_basic/share/s3_basic/hook/cmake_prefix_path.ps1'
[4.390s] INFO:colcon.colcon_core.shell:Creating environment descriptor '/home/aa274/autonomy_ws/src/aa274sections/s3_basic/install/s3_basic/share/s3_basic/hook/cmake_prefix_path.dsv'
[4.392s] INFO:colcon.colcon_core.shell:Creating environment hook '/home/aa274/autonomy_ws/src/aa274sections/s3_basic/install/s3_basic/share/s3_basic/hook/cmake_prefix_path.sh'
[4.395s] Level 1:colcon.colcon_core.environment:checking '/home/aa274/autonomy_ws/src/aa274sections/s3_basic/install/s3_basic/lib'
[4.395s] Level 1:colcon.colcon_core.environment:checking '/home/aa274/autonomy_ws/src/aa274sections/s3_basic/install/s3_basic/bin'
[4.396s] Level 1:colcon.colcon_core.environment:checking '/home/aa274/autonomy_ws/src/aa274sections/s3_basic/install/s3_basic/lib/pkgconfig/s3_basic.pc'
[4.396s] Level 1:colcon.colcon_core.environment:checking '/home/aa274/autonomy_ws/src/aa274sections/s3_basic/install/s3_basic/lib/python3.10/site-packages'
[4.397s] Level 1:colcon.colcon_core.environment:checking '/home/aa274/autonomy_ws/src/aa274sections/s3_basic/install/s3_basic/bin'
[4.398s] INFO:colcon.colcon_core.shell:Creating package script '/home/aa274/autonomy_ws/src/aa274sections/s3_basic/install/s3_basic/share/s3_basic/package.ps1'
[4.400s] INFO:colcon.colcon_core.shell:Creating package descriptor '/home/aa274/autonomy_ws/src/aa274sections/s3_basic/install/s3_basic/share/s3_basic/package.dsv'
[4.402s] INFO:colcon.colcon_core.shell:Creating package script '/home/aa274/autonomy_ws/src/aa274sections/s3_basic/install/s3_basic/share/s3_basic/package.sh'
[4.403s] INFO:colcon.colcon_core.shell:Creating package script '/home/aa274/autonomy_ws/src/aa274sections/s3_basic/install/s3_basic/share/s3_basic/package.bash'
[4.404s] INFO:colcon.colcon_core.shell:Creating package script '/home/aa274/autonomy_ws/src/aa274sections/s3_basic/install/s3_basic/share/s3_basic/package.zsh'
[4.406s] Level 1:colcon.colcon_core.environment:create_file_with_runtime_dependencies(/home/aa274/autonomy_ws/src/aa274sections/s3_basic/install/s3_basic/share/colcon-core/packages/s3_basic)
[4.406s] DEBUG:colcon.colcon_parallel_executor.executor.parallel:closing loop
[4.406s] DEBUG:colcon.colcon_parallel_executor.executor.parallel:loop closed
[4.407s] DEBUG:colcon.colcon_parallel_executor.executor.parallel:run_until_complete finished with '0'
[4.407s] DEBUG:colcon.colcon_core.event_reactor:joining thread
[4.423s] INFO:colcon.colcon_core.plugin_system:Skipping extension 'colcon_notification.desktop_notification.terminal_notifier': Not used on non-Darwin systems
[4.423s] INFO:colcon.colcon_core.plugin_system:Skipping extension 'colcon_notification.desktop_notification.win32': Not used on non-Windows systems
[4.423s] INFO:colcon.colcon_notification.desktop_notification:Sending desktop notification using 'notify2'
[4.455s] DEBUG:colcon.colcon_core.event_reactor:joined thread
[4.457s] INFO:colcon.colcon_core.shell:Creating prefix script '/home/aa274/autonomy_ws/src/aa274sections/s3_basic/install/local_setup.ps1'
[4.459s] INFO:colcon.colcon_core.shell:Creating prefix util module '/home/aa274/autonomy_ws/src/aa274sections/s3_basic/install/_local_setup_util_ps1.py'
[4.464s] INFO:colcon.colcon_core.shell:Creating prefix chain script '/home/aa274/autonomy_ws/src/aa274sections/s3_basic/install/setup.ps1'
[4.469s] INFO:colcon.colcon_core.shell:Creating prefix script '/home/aa274/autonomy_ws/src/aa274sections/s3_basic/install/local_setup.sh'
[4.471s] INFO:colcon.colcon_core.shell:Creating prefix util module '/home/aa274/autonomy_ws/src/aa274sections/s3_basic/install/_local_setup_util_sh.py'
[4.475s] INFO:colcon.colcon_core.shell:Creating prefix chain script '/home/aa274/autonomy_ws/src/aa274sections/s3_basic/install/setup.sh'
[4.484s] INFO:colcon.colcon_core.shell:Creating prefix script '/home/aa274/autonomy_ws/src/aa274sections/s3_basic/install/local_setup.bash'
[4.485s] INFO:colcon.colcon_core.shell:Creating prefix chain script '/home/aa274/autonomy_ws/src/aa274sections/s3_basic/install/setup.bash'
[4.496s] INFO:colcon.colcon_core.shell:Creating prefix script '/home/aa274/autonomy_ws/src/aa274sections/s3_basic/install/local_setup.zsh'
[4.500s] INFO:colcon.colcon_core.shell:Creating prefix chain script '/home/aa274/autonomy_ws/src/aa274sections/s3_basic/install/setup.zsh'
