[0.026s] Invoking command in '/home/aa274/autonomy_ws/src/aa274sections/build/s3_basic': CMAKE_PREFIX_PATH=${CMAKE_PREFIX_PATH}:/opt/ros/humble /usr/bin/cmake --build /home/aa274/autonomy_ws/src/aa274sections/build/s3_basic -- -j8 -l8
[0.049s] -- Found ament_cmake: 1.3.10 (/opt/ros/humble/share/ament_cmake/cmake)
[0.200s] -- Override CMake install command with custom implementation using symlinks instead of copying resources
[0.210s] -- Found ament_lint_auto: 0.12.11 (/opt/ros/humble/share/ament_lint_auto/cmake)
[0.325s] -- Added test 'cppcheck' to perform static code analysis on C / C++ code
[0.325s] -- Configured cppcheck include dirs: 
[0.325s] -- Configured cppcheck exclude dirs and/or files: 
[0.326s] -- Added test 'flake8' to check Python code syntax and style conventions
[0.329s] -- Added test 'lint_cmake' to check CMake code style
[0.332s] -- Added test 'pep257' to check Python code against some of the docstring style conventions in PEP 257
[0.341s] -- Added test 'uncrustify' to check C / C++ code style
[0.341s] -- Configured uncrustify additional arguments: 
[0.343s] -- Added test 'xmllint' to check XML markup files
[0.345s] -- Configuring done
[0.348s] -- Generating done
[0.349s] -- Build files have been written to: /home/aa274/autonomy_ws/src/aa274sections/build/s3_basic
[0.375s] Invoked command in '/home/aa274/autonomy_ws/src/aa274sections/build/s3_basic' returned '0': CMAKE_PREFIX_PATH=${CMAKE_PREFIX_PATH}:/opt/ros/humble /usr/bin/cmake --build /home/aa274/autonomy_ws/src/aa274sections/build/s3_basic -- -j8 -l8
[0.408s] Invoking command in '/home/aa274/autonomy_ws/src/aa274sections/build/s3_basic': CMAKE_PREFIX_PATH=${CMAKE_PREFIX_PATH}:/opt/ros/humble /usr/bin/cmake --install /home/aa274/autonomy_ws/src/aa274sections/build/s3_basic
[0.415s] -- Install configuration: "RelWithDebInfo"
[0.416s] -- Execute custom install script
[0.416s] -- Up-to-date symlink: /home/aa274/autonomy_ws/src/aa274sections/install/s3_basic/lib/s3_basic/constant_control.py
[0.416s] -- Up-to-date symlink: /home/aa274/autonomy_ws/src/aa274sections/install/s3_basic/share/s3_basic/launch/section3.launch.py
[0.417s] -- Up-to-date symlink: /home/aa274/autonomy_ws/src/aa274sections/install/s3_basic/share/s3_basic/rviz/section3.rviz
[0.417s] -- Up-to-date symlink: /home/aa274/autonomy_ws/src/aa274sections/install/s3_basic/share/ament_index/resource_index/package_run_dependencies/s3_basic
[0.417s] -- Up-to-date symlink: /home/aa274/autonomy_ws/src/aa274sections/install/s3_basic/share/ament_index/resource_index/parent_prefix_path/s3_basic
[0.418s] -- Up-to-date symlink: /home/aa274/autonomy_ws/src/aa274sections/install/s3_basic/share/s3_basic/environment/ament_prefix_path.sh
[0.420s] -- Up-to-date symlink: /home/aa274/autonomy_ws/src/aa274sections/install/s3_basic/share/s3_basic/environment/ament_prefix_path.dsv
[0.420s] -- Up-to-date symlink: /home/aa274/autonomy_ws/src/aa274sections/install/s3_basic/share/s3_basic/environment/path.sh
[0.420s] -- Up-to-date symlink: /home/aa274/autonomy_ws/src/aa274sections/install/s3_basic/share/s3_basic/environment/path.dsv
[0.420s] -- Up-to-date symlink: /home/aa274/autonomy_ws/src/aa274sections/install/s3_basic/share/s3_basic/local_setup.bash
[0.420s] -- Up-to-date symlink: /home/aa274/autonomy_ws/src/aa274sections/install/s3_basic/share/s3_basic/local_setup.sh
[0.420s] -- Up-to-date symlink: /home/aa274/autonomy_ws/src/aa274sections/install/s3_basic/share/s3_basic/local_setup.zsh
[0.420s] -- Up-to-date symlink: /home/aa274/autonomy_ws/src/aa274sections/install/s3_basic/share/s3_basic/local_setup.dsv
[0.420s] -- Symlinking: /home/aa274/autonomy_ws/src/aa274sections/install/s3_basic/share/s3_basic/package.dsv
[0.431s] -- Up-to-date symlink: /home/aa274/autonomy_ws/src/aa274sections/install/s3_basic/share/ament_index/resource_index/packages/s3_basic
[0.431s] -- Up-to-date symlink: /home/aa274/autonomy_ws/src/aa274sections/install/s3_basic/share/s3_basic/cmake/s3_basicConfig.cmake
[0.431s] -- Up-to-date symlink: /home/aa274/autonomy_ws/src/aa274sections/install/s3_basic/share/s3_basic/cmake/s3_basicConfig-version.cmake
[0.431s] -- Up-to-date symlink: /home/aa274/autonomy_ws/src/aa274sections/install/s3_basic/share/s3_basic/package.xml
[0.441s] Invoked command in '/home/aa274/autonomy_ws/src/aa274sections/build/s3_basic' returned '0': CMAKE_PREFIX_PATH=${CMAKE_PREFIX_PATH}:/opt/ros/humble /usr/bin/cmake --install /home/aa274/autonomy_ws/src/aa274sections/build/s3_basic
