[0.010s] Invoking command in '/home/aa274/autonomy_ws/src/aa274sections/build/s2_basic': CMAKE_PREFIX_PATH=/opt/ros/humble /usr/bin/cmake --build /home/aa274/autonomy_ws/src/aa274sections/build/s2_basic -- -j14 -l14
[0.028s] -- Found ament_cmake: 1.3.12 (/opt/ros/humble/share/ament_cmake/cmake)
[0.107s] -- Override CMake install command with custom implementation using symlinks instead of copying resources
[0.111s] -- Found ament_lint_auto: 0.12.14 (/opt/ros/humble/share/ament_lint_auto/cmake)
[0.154s] -- Added test 'flake8' to check Python code syntax and style conventions
[0.154s] -- Added test 'lint_cmake' to check CMake code style
[0.155s] -- Added test 'pep257' to check Python code against some of the docstring style conventions in PEP 257
[0.155s] -- Added test 'xmllint' to check XML markup files
[0.155s] -- Configuring done
[0.157s] -- Generating done
[0.157s] -- Build files have been written to: /home/aa274/autonomy_ws/src/aa274sections/build/s2_basic
[0.175s] Invoked command in '/home/aa274/autonomy_ws/src/aa274sections/build/s2_basic' returned '0': CMAKE_PREFIX_PATH=/opt/ros/humble /usr/bin/cmake --build /home/aa274/autonomy_ws/src/aa274sections/build/s2_basic -- -j14 -l14
[0.203s] Invoking command in '/home/aa274/autonomy_ws/src/aa274sections/build/s2_basic': CMAKE_PREFIX_PATH=/opt/ros/humble /usr/bin/cmake --install /home/aa274/autonomy_ws/src/aa274sections/build/s2_basic
[0.208s] -- Install configuration: "RelWithDebInfo"
[0.209s] -- Execute custom install script
[0.209s] -- Symlinking: /home/aa274/autonomy_ws/src/aa274sections/install/s2_basic/lib/s2_basic/constant_control.py
[0.215s] -- Up-to-date symlink: /home/aa274/autonomy_ws/src/aa274sections/install/s2_basic/share/ament_index/resource_index/package_run_dependencies/s2_basic
[0.215s] -- Up-to-date symlink: /home/aa274/autonomy_ws/src/aa274sections/install/s2_basic/share/ament_index/resource_index/parent_prefix_path/s2_basic
[0.215s] -- Up-to-date symlink: /home/aa274/autonomy_ws/src/aa274sections/install/s2_basic/share/s2_basic/environment/ament_prefix_path.sh
[0.216s] -- Up-to-date symlink: /home/aa274/autonomy_ws/src/aa274sections/install/s2_basic/share/s2_basic/environment/ament_prefix_path.dsv
[0.216s] -- Up-to-date symlink: /home/aa274/autonomy_ws/src/aa274sections/install/s2_basic/share/s2_basic/environment/path.sh
[0.216s] -- Up-to-date symlink: /home/aa274/autonomy_ws/src/aa274sections/install/s2_basic/share/s2_basic/environment/path.dsv
[0.216s] -- Up-to-date symlink: /home/aa274/autonomy_ws/src/aa274sections/install/s2_basic/share/s2_basic/local_setup.bash
[0.216s] -- Up-to-date symlink: /home/aa274/autonomy_ws/src/aa274sections/install/s2_basic/share/s2_basic/local_setup.sh
[0.216s] -- Up-to-date symlink: /home/aa274/autonomy_ws/src/aa274sections/install/s2_basic/share/s2_basic/local_setup.zsh
[0.216s] -- Up-to-date symlink: /home/aa274/autonomy_ws/src/aa274sections/install/s2_basic/share/s2_basic/local_setup.dsv
[0.216s] -- Symlinking: /home/aa274/autonomy_ws/src/aa274sections/install/s2_basic/share/s2_basic/package.dsv
[0.223s] -- Up-to-date symlink: /home/aa274/autonomy_ws/src/aa274sections/install/s2_basic/share/ament_index/resource_index/packages/s2_basic
[0.223s] -- Up-to-date symlink: /home/aa274/autonomy_ws/src/aa274sections/install/s2_basic/share/s2_basic/cmake/s2_basicConfig.cmake
[0.223s] -- Up-to-date symlink: /home/aa274/autonomy_ws/src/aa274sections/install/s2_basic/share/s2_basic/cmake/s2_basicConfig-version.cmake
[0.223s] -- Up-to-date symlink: /home/aa274/autonomy_ws/src/aa274sections/install/s2_basic/share/s2_basic/package.xml
[0.225s] Invoked command in '/home/aa274/autonomy_ws/src/aa274sections/build/s2_basic' returned '0': CMAKE_PREFIX_PATH=/opt/ros/humble /usr/bin/cmake --install /home/aa274/autonomy_ws/src/aa274sections/build/s2_basic
