[0.014s] Invoking command in '/home/aa274/autonomy_ws/src/aa274sections/build/s3_basic': CMAKE_PREFIX_PATH=${CMAKE_PREFIX_PATH}:/opt/ros/humble /usr/bin/cmake /home/aa274/autonomy_ws/src/aa274sections/s3_basic -DCMAKE_EXPORT_COMPILE_COMMANDS=ON -DCMAKE_BUILD_TYPE=RelWithDebInfo -DAMENT_CMAKE_SYMLINK_INSTALL=1 -DCMAKE_INSTALL_PREFIX=/home/aa274/autonomy_ws/src/aa274sections/install/s3_basic
[0.135s] -- The C compiler identification is GNU 11.4.0
[0.243s] -- The CXX compiler identification is GNU 11.4.0
[0.252s] -- Detecting C compiler ABI info
[0.324s] -- Detecting C compiler ABI info - done
[0.341s] -- Check for working C compiler: /usr/bin/cc - skipped
[0.341s] -- Detecting C compile features
[0.343s] -- Detecting C compile features - done
[0.347s] -- Detecting CXX compiler ABI info
[0.428s] -- Detecting CXX compiler ABI info - done
[0.444s] -- Check for working CXX compiler: /usr/bin/c++ - skipped
[0.444s] -- Detecting CXX compile features
[0.445s] -- Detecting CXX compile features - done
[0.452s] -- Found ament_cmake: 1.3.10 (/opt/ros/humble/share/ament_cmake/cmake)
[0.617s] -- Found Python3: /usr/bin/python3 (found version "3.10.12") found components: Interpreter 
[0.680s] -- Override CMake install command with custom implementation using symlinks instead of copying resources
[0.715s] -- Found ament_lint_auto: 0.12.11 (/opt/ros/humble/share/ament_lint_auto/cmake)
[0.805s] -- Added test 'cppcheck' to perform static code analysis on C / C++ code
[0.805s] -- Configured cppcheck include dirs: 
[0.805s] -- Configured cppcheck exclude dirs and/or files: 
[0.807s] -- Added test 'flake8' to check Python code syntax and style conventions
[0.809s] -- Added test 'lint_cmake' to check CMake code style
[0.810s] -- Added test 'pep257' to check Python code against some of the docstring style conventions in PEP 257
[0.817s] -- Added test 'uncrustify' to check C / C++ code style
[0.817s] -- Configured uncrustify additional arguments: 
[0.819s] -- Added test 'xmllint' to check XML markup files
[0.822s] -- Configuring done
[0.824s] -- Generating done
[0.825s] [33mCMake Warning:
[0.825s]   Manually-specified variables were not used by the project:
[0.825s] 
[0.825s]     CMAKE_EXPORT_COMPILE_COMMANDS
[0.825s] 
[0.825s] [0m
[0.825s] -- Build files have been written to: /home/aa274/autonomy_ws/src/aa274sections/build/s3_basic
[0.829s] Invoked command in '/home/aa274/autonomy_ws/src/aa274sections/build/s3_basic' returned '0': CMAKE_PREFIX_PATH=${CMAKE_PREFIX_PATH}:/opt/ros/humble /usr/bin/cmake /home/aa274/autonomy_ws/src/aa274sections/s3_basic -DCMAKE_EXPORT_COMPILE_COMMANDS=ON -DCMAKE_BUILD_TYPE=RelWithDebInfo -DAMENT_CMAKE_SYMLINK_INSTALL=1 -DCMAKE_INSTALL_PREFIX=/home/aa274/autonomy_ws/src/aa274sections/install/s3_basic
[0.830s] Invoking command in '/home/aa274/autonomy_ws/src/aa274sections/build/s3_basic': CMAKE_PREFIX_PATH=${CMAKE_PREFIX_PATH}:/opt/ros/humble /usr/bin/cmake --build /home/aa274/autonomy_ws/src/aa274sections/build/s3_basic -- -j8 -l8
[0.861s] Invoked command in '/home/aa274/autonomy_ws/src/aa274sections/build/s3_basic' returned '0': CMAKE_PREFIX_PATH=${CMAKE_PREFIX_PATH}:/opt/ros/humble /usr/bin/cmake --build /home/aa274/autonomy_ws/src/aa274sections/build/s3_basic -- -j8 -l8
[0.879s] Invoking command in '/home/aa274/autonomy_ws/src/aa274sections/build/s3_basic': CMAKE_PREFIX_PATH=${CMAKE_PREFIX_PATH}:/opt/ros/humble /usr/bin/cmake --install /home/aa274/autonomy_ws/src/aa274sections/build/s3_basic
[0.885s] -- Install configuration: "RelWithDebInfo"
[0.885s] -- Execute custom install script
[0.885s] -- Symlinking: /home/aa274/autonomy_ws/src/aa274sections/install/s3_basic/lib/s3_basic/constant_control.py
[0.893s] -- Symlinking: /home/aa274/autonomy_ws/src/aa274sections/install/s3_basic/share/s3_basic/launch/section3.launch.py
[0.900s] -- Symlinking: /home/aa274/autonomy_ws/src/aa274sections/install/s3_basic/share/s3_basic/rviz/section3.rviz
[0.908s] -- Symlinking: /home/aa274/autonomy_ws/src/aa274sections/install/s3_basic/share/ament_index/resource_index/package_run_dependencies/s3_basic
[0.916s] -- Symlinking: /home/aa274/autonomy_ws/src/aa274sections/install/s3_basic/share/ament_index/resource_index/parent_prefix_path/s3_basic
[0.925s] -- Symlinking: /home/aa274/autonomy_ws/src/aa274sections/install/s3_basic/share/s3_basic/environment/ament_prefix_path.sh
[0.934s] -- Symlinking: /home/aa274/autonomy_ws/src/aa274sections/install/s3_basic/share/s3_basic/environment/ament_prefix_path.dsv
[0.942s] -- Symlinking: /home/aa274/autonomy_ws/src/aa274sections/install/s3_basic/share/s3_basic/environment/path.sh
[0.949s] -- Symlinking: /home/aa274/autonomy_ws/src/aa274sections/install/s3_basic/share/s3_basic/environment/path.dsv
[0.957s] -- Symlinking: /home/aa274/autonomy_ws/src/aa274sections/install/s3_basic/share/s3_basic/local_setup.bash
[0.964s] -- Symlinking: /home/aa274/autonomy_ws/src/aa274sections/install/s3_basic/share/s3_basic/local_setup.sh
[0.972s] -- Symlinking: /home/aa274/autonomy_ws/src/aa274sections/install/s3_basic/share/s3_basic/local_setup.zsh
[0.980s] -- Symlinking: /home/aa274/autonomy_ws/src/aa274sections/install/s3_basic/share/s3_basic/local_setup.dsv
[0.989s] -- Symlinking: /home/aa274/autonomy_ws/src/aa274sections/install/s3_basic/share/s3_basic/package.dsv
[0.997s] -- Symlinking: /home/aa274/autonomy_ws/src/aa274sections/install/s3_basic/share/ament_index/resource_index/packages/s3_basic
[1.004s] -- Symlinking: /home/aa274/autonomy_ws/src/aa274sections/install/s3_basic/share/s3_basic/cmake/s3_basicConfig.cmake
[1.012s] -- Symlinking: /home/aa274/autonomy_ws/src/aa274sections/install/s3_basic/share/s3_basic/cmake/s3_basicConfig-version.cmake
[1.021s] -- Symlinking: /home/aa274/autonomy_ws/src/aa274sections/install/s3_basic/share/s3_basic/package.xml
[1.032s] Invoked command in '/home/aa274/autonomy_ws/src/aa274sections/build/s3_basic' returned '0': CMAKE_PREFIX_PATH=${CMAKE_PREFIX_PATH}:/opt/ros/humble /usr/bin/cmake --install /home/aa274/autonomy_ws/src/aa274sections/build/s3_basic
