[0.073s] Invoking command in '/home/aa274/autonomy_ws/src/aa274sections/build/autonomy_repo': CMAKE_PREFIX_PATH=${CMAKE_PREFIX_PATH}:/opt/ros/humble /usr/bin/cmake --build /home/aa274/autonomy_ws/src/aa274sections/build/autonomy_repo -- -j8 -l8
[0.156s] -- Found ament_cmake: 1.3.10 (/opt/ros/humble/share/ament_cmake/cmake)
[0.586s] -- Override CMake install command with custom implementation using symlinks instead of copying resources
[0.616s] -- Found ament_lint_auto: 0.12.11 (/opt/ros/humble/share/ament_lint_auto/cmake)
[0.826s] -- Added test 'flake8' to check Python code syntax and style conventions
[0.827s] -- Added test 'lint_cmake' to check CMake code style
[0.827s] -- Added test 'pep257' to check Python code against some of the docstring style conventions in PEP 257
[0.829s] -- Added test 'xmllint' to check XML markup files
[0.830s] -- Configuring done
[0.832s] -- Generating done
[0.834s] -- Build files have been written to: /home/aa274/autonomy_ws/src/aa274sections/build/autonomy_repo
[0.858s] Invoked command in '/home/aa274/autonomy_ws/src/aa274sections/build/autonomy_repo' returned '0': CMAKE_PREFIX_PATH=${CMAKE_PREFIX_PATH}:/opt/ros/humble /usr/bin/cmake --build /home/aa274/autonomy_ws/src/aa274sections/build/autonomy_repo -- -j8 -l8
[0.926s] Invoking command in '/home/aa274/autonomy_ws/src/aa274sections/build/autonomy_repo': CMAKE_PREFIX_PATH=${CMAKE_PREFIX_PATH}:/opt/ros/humble /usr/bin/cmake --install /home/aa274/autonomy_ws/src/aa274sections/build/autonomy_repo
[0.954s] -- Install configuration: "RelWithDebInfo"
[0.956s] -- Execute custom install script
[0.958s] -- Up-to-date symlink: /home/aa274/autonomy_ws/src/aa274sections/install/autonomy_repo/lib/autonomy_repo/heading_controller.py
[0.959s] -- Up-to-date symlink: /home/aa274/autonomy_ws/src/aa274sections/install/autonomy_repo/lib/autonomy_repo/p3_plot.py
[0.959s] -- Up-to-date symlink: /home/aa274/autonomy_ws/src/aa274sections/install/autonomy_repo/lib/autonomy_repo/navigator.py
[0.959s] -- Up-to-date symlink: /home/aa274/autonomy_ws/src/aa274sections/install/autonomy_repo/lib/autonomy_repo/perception_controller.py
[0.959s] -- Symlinking: /home/aa274/autonomy_ws/src/aa274sections/install/autonomy_repo/lib/autonomy_repo/explorer.py
[0.990s] -- Up-to-date symlink: /home/aa274/autonomy_ws/src/aa274sections/install/autonomy_repo/share/autonomy_repo/launch/explorer.launch.py
[0.991s] -- Up-to-date symlink: /home/aa274/autonomy_ws/src/aa274sections/install/autonomy_repo/share/autonomy_repo/launch/heading_control.launch.py
[0.991s] -- Up-to-date symlink: /home/aa274/autonomy_ws/src/aa274sections/install/autonomy_repo/share/autonomy_repo/launch/navigator.launch.py
[0.992s] -- Up-to-date symlink: /home/aa274/autonomy_ws/src/aa274sections/install/autonomy_repo/share/autonomy_repo/launch/perception_controller.launch.py
[0.993s] -- Up-to-date symlink: /home/aa274/autonomy_ws/src/aa274sections/install/autonomy_repo/share/autonomy_repo/rviz/default.rviz
[0.993s] -- Up-to-date symlink: /home/aa274/autonomy_ws/src/aa274sections/install/autonomy_repo/share/ament_index/resource_index/package_run_dependencies/autonomy_repo
[0.996s] -- Up-to-date symlink: /home/aa274/autonomy_ws/src/aa274sections/install/autonomy_repo/share/ament_index/resource_index/parent_prefix_path/autonomy_repo
[0.997s] -- Up-to-date symlink: /home/aa274/autonomy_ws/src/aa274sections/install/autonomy_repo/share/autonomy_repo/environment/ament_prefix_path.sh
[0.999s] -- Up-to-date symlink: /home/aa274/autonomy_ws/src/aa274sections/install/autonomy_repo/share/autonomy_repo/environment/ament_prefix_path.dsv
[1.002s] -- Up-to-date symlink: /home/aa274/autonomy_ws/src/aa274sections/install/autonomy_repo/share/autonomy_repo/environment/path.sh
[1.002s] -- Up-to-date symlink: /home/aa274/autonomy_ws/src/aa274sections/install/autonomy_repo/share/autonomy_repo/environment/path.dsv
[1.003s] -- Up-to-date symlink: /home/aa274/autonomy_ws/src/aa274sections/install/autonomy_repo/share/autonomy_repo/local_setup.bash
[1.003s] -- Up-to-date symlink: /home/aa274/autonomy_ws/src/aa274sections/install/autonomy_repo/share/autonomy_repo/local_setup.sh
[1.003s] -- Up-to-date symlink: /home/aa274/autonomy_ws/src/aa274sections/install/autonomy_repo/share/autonomy_repo/local_setup.zsh
[1.003s] -- Up-to-date symlink: /home/aa274/autonomy_ws/src/aa274sections/install/autonomy_repo/share/autonomy_repo/local_setup.dsv
[1.003s] -- Symlinking: /home/aa274/autonomy_ws/src/aa274sections/install/autonomy_repo/share/autonomy_repo/package.dsv
[1.029s] -- Up-to-date symlink: /home/aa274/autonomy_ws/src/aa274sections/install/autonomy_repo/share/ament_index/resource_index/packages/autonomy_repo
[1.031s] -- Up-to-date symlink: /home/aa274/autonomy_ws/src/aa274sections/install/autonomy_repo/share/autonomy_repo/cmake/autonomy_repoConfig.cmake
[1.032s] -- Up-to-date symlink: /home/aa274/autonomy_ws/src/aa274sections/install/autonomy_repo/share/autonomy_repo/cmake/autonomy_repoConfig-version.cmake
[1.032s] -- Up-to-date symlink: /home/aa274/autonomy_ws/src/aa274sections/install/autonomy_repo/share/autonomy_repo/package.xml
[1.038s] Invoked command in '/home/aa274/autonomy_ws/src/aa274sections/build/autonomy_repo' returned '0': CMAKE_PREFIX_PATH=${CMAKE_PREFIX_PATH}:/opt/ros/humble /usr/bin/cmake --install /home/aa274/autonomy_ws/src/aa274sections/build/autonomy_repo
