[0.010s] Invoking command in '/home/aa274/autonomy_ws/src/aa274sections/build/s2_basic': CMAKE_PREFIX_PATH=/opt/ros/humble /usr/bin/cmake /home/aa274/autonomy_ws/src/aa274sections/s2_basic -DCMAKE_EXPORT_COMPILE_COMMANDS=ON -DCMAKE_BUILD_TYPE=RelWithDebInfo -DAMENT_CMAKE_SYMLINK_INSTALL=1 -DCMAKE_INSTALL_PREFIX=/home/aa274/autonomy_ws/src/aa274sections/install/s2_basic
[0.082s] -- The C compiler identification is GNU 11.4.0
[0.139s] -- The CXX compiler identification is GNU 11.4.0
[0.146s] -- Detecting C compiler ABI info
[0.199s] -- Detecting C compiler ABI info - done
[0.203s] -- Check for working C compiler: /usr/bin/cc - skipped
[0.203s] -- Detecting C compile features
[0.203s] -- Detecting C compile features - done
[0.205s] -- Detecting CXX compiler ABI info
[0.263s] -- Detecting CXX compiler ABI info - done
[0.270s] -- Check for working CXX compiler: /usr/bin/c++ - skipped
[0.270s] -- Detecting CXX compile features
[0.271s] -- Detecting CXX compile features - done
[0.274s] -- Found ament_cmake: 1.3.12 (/opt/ros/humble/share/ament_cmake/cmake)
[0.507s] -- Found Python3: /usr/bin/python3 (found version "3.10.12") found components: Interpreter 
[0.556s] -- Override CMake install command with custom implementation using symlinks instead of copying resources
[0.580s] -- Found ament_lint_auto: 0.12.14 (/opt/ros/humble/share/ament_lint_auto/cmake)
[0.632s] -- Added test 'lint_cmake' to check CMake code style
[0.633s] -- Added test 'xmllint' to check XML markup files
[0.634s] -- Configuring done
[0.635s] -- Generating done
[0.636s] [33mCMake Warning:
[0.636s]   Manually-specified variables were not used by the project:
[0.636s] 
[0.636s]     CMAKE_EXPORT_COMPILE_COMMANDS
[0.636s] 
[0.636s] [0m
[0.636s] -- Build files have been written to: /home/aa274/autonomy_ws/src/aa274sections/build/s2_basic
[0.639s] Invoked command in '/home/aa274/autonomy_ws/src/aa274sections/build/s2_basic' returned '0': CMAKE_PREFIX_PATH=/opt/ros/humble /usr/bin/cmake /home/aa274/autonomy_ws/src/aa274sections/s2_basic -DCMAKE_EXPORT_COMPILE_COMMANDS=ON -DCMAKE_BUILD_TYPE=RelWithDebInfo -DAMENT_CMAKE_SYMLINK_INSTALL=1 -DCMAKE_INSTALL_PREFIX=/home/aa274/autonomy_ws/src/aa274sections/install/s2_basic
[0.643s] Invoking command in '/home/aa274/autonomy_ws/src/aa274sections/build/s2_basic': CMAKE_PREFIX_PATH=/opt/ros/humble /usr/bin/cmake --build /home/aa274/autonomy_ws/src/aa274sections/build/s2_basic -- -j14 -l14
[0.671s] Invoked command in '/home/aa274/autonomy_ws/src/aa274sections/build/s2_basic' returned '0': CMAKE_PREFIX_PATH=/opt/ros/humble /usr/bin/cmake --build /home/aa274/autonomy_ws/src/aa274sections/build/s2_basic -- -j14 -l14
[0.695s] Invoking command in '/home/aa274/autonomy_ws/src/aa274sections/build/s2_basic': CMAKE_PREFIX_PATH=/opt/ros/humble /usr/bin/cmake --install /home/aa274/autonomy_ws/src/aa274sections/build/s2_basic
[0.699s] -- Install configuration: "RelWithDebInfo"
[0.699s] -- Execute custom install script
[0.699s] -- Symlinking: /home/aa274/autonomy_ws/src/aa274sections/install/s2_basic/share/ament_index/resource_index/package_run_dependencies/s2_basic
[0.705s] -- Symlinking: /home/aa274/autonomy_ws/src/aa274sections/install/s2_basic/share/ament_index/resource_index/parent_prefix_path/s2_basic
[0.711s] -- Symlinking: /home/aa274/autonomy_ws/src/aa274sections/install/s2_basic/share/s2_basic/environment/ament_prefix_path.sh
[0.716s] -- Symlinking: /home/aa274/autonomy_ws/src/aa274sections/install/s2_basic/share/s2_basic/environment/ament_prefix_path.dsv
[0.723s] -- Symlinking: /home/aa274/autonomy_ws/src/aa274sections/install/s2_basic/share/s2_basic/environment/path.sh
[0.729s] -- Symlinking: /home/aa274/autonomy_ws/src/aa274sections/install/s2_basic/share/s2_basic/environment/path.dsv
[0.735s] -- Symlinking: /home/aa274/autonomy_ws/src/aa274sections/install/s2_basic/share/s2_basic/local_setup.bash
[0.741s] -- Symlinking: /home/aa274/autonomy_ws/src/aa274sections/install/s2_basic/share/s2_basic/local_setup.sh
[0.747s] -- Symlinking: /home/aa274/autonomy_ws/src/aa274sections/install/s2_basic/share/s2_basic/local_setup.zsh
[0.752s] -- Symlinking: /home/aa274/autonomy_ws/src/aa274sections/install/s2_basic/share/s2_basic/local_setup.dsv
[0.758s] -- Symlinking: /home/aa274/autonomy_ws/src/aa274sections/install/s2_basic/share/s2_basic/package.dsv
[0.763s] -- Symlinking: /home/aa274/autonomy_ws/src/aa274sections/install/s2_basic/share/ament_index/resource_index/packages/s2_basic
[0.771s] -- Symlinking: /home/aa274/autonomy_ws/src/aa274sections/install/s2_basic/share/s2_basic/cmake/s2_basicConfig.cmake
[0.778s] -- Symlinking: /home/aa274/autonomy_ws/src/aa274sections/install/s2_basic/share/s2_basic/cmake/s2_basicConfig-version.cmake
[0.784s] -- Symlinking: /home/aa274/autonomy_ws/src/aa274sections/install/s2_basic/share/s2_basic/package.xml
[0.793s] Invoked command in '/home/aa274/autonomy_ws/src/aa274sections/build/s2_basic' returned '0': CMAKE_PREFIX_PATH=/opt/ros/humble /usr/bin/cmake --install /home/aa274/autonomy_ws/src/aa274sections/build/s2_basic
